{"C:\\Users\\ysoma\\OneDrive\\Documents\\Startup\\TalentSphere\\services\\analytics-service\\analytics-service.js": {"path":"C:\\Users\\ysoma\\OneDrive\\Documents\\Startup\\TalentSphere\\services\\analytics-service\\analytics-service.js","statementMap":{"0":{"start":{"line":6,"column":23},"end":{"line":6,"column":38}},"1":{"start":{"line":7,"column":15},"end":{"line":7,"column":32}},"2":{"start":{"line":11,"column":8},"end":{"line":41,"column":10}},"3":{"start":{"line":44,"column":8},"end":{"line":44,"column":40}},"4":{"start":{"line":52,"column":8},"end":{"line":52,"column":40}},"5":{"start":{"line":53,"column":8},"end":{"line":53,"column":38}},"6":{"start":{"line":54,"column":8},"end":{"line":54,"column":37}},"7":{"start":{"line":55,"column":8},"end":{"line":55,"column":44}},"8":{"start":{"line":56,"column":8},"end":{"line":56,"column":32}},"9":{"start":{"line":57,"column":8},"end":{"line":57,"column":40}},"10":{"start":{"line":64,"column":22},"end":{"line":71,"column":9}},"11":{"start":{"line":74,"column":8},"end":{"line":74,"column":41}},"12":{"start":{"line":77,"column":8},"end":{"line":77,"column":33}},"13":{"start":{"line":79,"column":8},"end":{"line":79,"column":24}},"14":{"start":{"line":86,"column":8},"end":{"line":125,"column":9}},"15":{"start":{"line":88,"column":16},"end":{"line":88,"column":45}},"16":{"start":{"line":89,"column":16},"end":{"line":89,"column":22}},"17":{"start":{"line":91,"column":16},"end":{"line":91,"column":52}},"18":{"start":{"line":92,"column":16},"end":{"line":92,"column":22}},"19":{"start":{"line":94,"column":16},"end":{"line":94,"column":43}},"20":{"start":{"line":95,"column":16},"end":{"line":95,"column":22}},"21":{"start":{"line":97,"column":16},"end":{"line":97,"column":50}},"22":{"start":{"line":98,"column":16},"end":{"line":98,"column":22}},"23":{"start":{"line":100,"column":16},"end":{"line":100,"column":43}},"24":{"start":{"line":101,"column":16},"end":{"line":101,"column":22}},"25":{"start":{"line":103,"column":16},"end":{"line":103,"column":48}},"26":{"start":{"line":104,"column":16},"end":{"line":104,"column":22}},"27":{"start":{"line":106,"column":16},"end":{"line":106,"column":53}},"28":{"start":{"line":107,"column":16},"end":{"line":107,"column":22}},"29":{"start":{"line":109,"column":16},"end":{"line":109,"column":43}},"30":{"start":{"line":110,"column":16},"end":{"line":110,"column":22}},"31":{"start":{"line":112,"column":16},"end":{"line":112,"column":47}},"32":{"start":{"line":113,"column":16},"end":{"line":113,"column":22}},"33":{"start":{"line":115,"column":16},"end":{"line":115,"column":51}},"34":{"start":{"line":116,"column":16},"end":{"line":116,"column":22}},"35":{"start":{"line":118,"column":16},"end":{"line":118,"column":44}},"36":{"start":{"line":119,"column":16},"end":{"line":119,"column":22}},"37":{"start":{"line":121,"column":16},"end":{"line":121,"column":46}},"38":{"start":{"line":122,"column":16},"end":{"line":122,"column":22}},"39":{"start":{"line":124,"column":16},"end":{"line":124,"column":48}},"40":{"start":{"line":128,"column":8},"end":{"line":128,"column":31}},"41":{"start":{"line":135,"column":23},"end":{"line":135,"column":40}},"42":{"start":{"line":136,"column":26},"end":{"line":136,"column":41}},"43":{"start":{"line":138,"column":8},"end":{"line":147,"column":9}},"44":{"start":{"line":139,"column":12},"end":{"line":146,"column":15}},"45":{"start":{"line":149,"column":25},"end":{"line":149,"column":56}},"46":{"start":{"line":150,"column":8},"end":{"line":150,"column":30}},"47":{"start":{"line":151,"column":8},"end":{"line":151,"column":39}},"48":{"start":{"line":152,"column":8},"end":{"line":155,"column":11}},"49":{"start":{"line":162,"column":23},"end":{"line":162,"column":40}},"50":{"start":{"line":163,"column":26},"end":{"line":163,"column":41}},"51":{"start":{"line":165,"column":8},"end":{"line":172,"column":9}},"52":{"start":{"line":166,"column":12},"end":{"line":171,"column":15}},"53":{"start":{"line":174,"column":25},"end":{"line":174,"column":56}},"54":{"start":{"line":175,"column":8},"end":{"line":175,"column":46}},"55":{"start":{"line":176,"column":8},"end":{"line":176,"column":33}},"56":{"start":{"line":177,"column":8},"end":{"line":180,"column":11}},"57":{"start":{"line":187,"column":22},"end":{"line":187,"column":38}},"58":{"start":{"line":188,"column":23},"end":{"line":188,"column":40}},"59":{"start":{"line":189,"column":26},"end":{"line":189,"column":41}},"60":{"start":{"line":191,"column":8},"end":{"line":204,"column":9}},"61":{"start":{"line":192,"column":12},"end":{"line":203,"column":15}},"62":{"start":{"line":206,"column":24},"end":{"line":206,"column":52}},"63":{"start":{"line":207,"column":8},"end":{"line":207,"column":28}},"64":{"start":{"line":208,"column":8},"end":{"line":208,"column":42}},"65":{"start":{"line":209,"column":8},"end":{"line":212,"column":11}},"66":{"start":{"line":213,"column":8},"end":{"line":213,"column":37}},"67":{"start":{"line":220,"column":22},"end":{"line":220,"column":38}},"68":{"start":{"line":221,"column":23},"end":{"line":221,"column":40}},"69":{"start":{"line":222,"column":26},"end":{"line":222,"column":41}},"70":{"start":{"line":224,"column":8},"end":{"line":237,"column":9}},"71":{"start":{"line":225,"column":12},"end":{"line":236,"column":15}},"72":{"start":{"line":239,"column":24},"end":{"line":239,"column":52}},"73":{"start":{"line":240,"column":8},"end":{"line":240,"column":35}},"74":{"start":{"line":241,"column":8},"end":{"line":245,"column":11}},"75":{"start":{"line":246,"column":8},"end":{"line":246,"column":44}},"76":{"start":{"line":249,"column":8},"end":{"line":251,"column":9}},"77":{"start":{"line":250,"column":12},"end":{"line":250,"column":74}},"78":{"start":{"line":252,"column":25},"end":{"line":252,"column":56}},"79":{"start":{"line":253,"column":8},"end":{"line":253,"column":63}},"80":{"start":{"line":253,"column":36},"end":{"line":253,"column":63}},"81":{"start":{"line":254,"column":8},"end":{"line":258,"column":11}},"82":{"start":{"line":265,"column":22},"end":{"line":265,"column":38}},"83":{"start":{"line":266,"column":26},"end":{"line":266,"column":46}},"84":{"start":{"line":267,"column":26},"end":{"line":267,"column":41}},"85":{"start":{"line":269,"column":8},"end":{"line":276,"column":9}},"86":{"start":{"line":270,"column":12},"end":{"line":275,"column":15}},"87":{"start":{"line":278,"column":24},"end":{"line":278,"column":52}},"88":{"start":{"line":279,"column":8},"end":{"line":279,"column":39}},"89":{"start":{"line":280,"column":8},"end":{"line":280,"column":34}},"90":{"start":{"line":283,"column":8},"end":{"line":285,"column":9}},"91":{"start":{"line":284,"column":12},"end":{"line":284,"column":72}},"92":{"start":{"line":286,"column":28},"end":{"line":286,"column":59}},"93":{"start":{"line":287,"column":8},"end":{"line":287,"column":63}},"94":{"start":{"line":294,"column":23},"end":{"line":294,"column":40}},"95":{"start":{"line":295,"column":26},"end":{"line":295,"column":41}},"96":{"start":{"line":297,"column":8},"end":{"line":299,"column":9}},"97":{"start":{"line":298,"column":12},"end":{"line":298,"column":74}},"98":{"start":{"line":301,"column":25},"end":{"line":301,"column":56}},"99":{"start":{"line":302,"column":8},"end":{"line":302,"column":67}},"100":{"start":{"line":303,"column":8},"end":{"line":306,"column":11}},"101":{"start":{"line":313,"column":22},"end":{"line":313,"column":38}},"102":{"start":{"line":314,"column":28},"end":{"line":314,"column":50}},"103":{"start":{"line":315,"column":30},"end":{"line":315,"column":54}},"104":{"start":{"line":316,"column":26},"end":{"line":316,"column":41}},"105":{"start":{"line":319,"column":8},"end":{"line":321,"column":9}},"106":{"start":{"line":320,"column":12},"end":{"line":320,"column":76}},"107":{"start":{"line":322,"column":24},"end":{"line":322,"column":52}},"108":{"start":{"line":323,"column":8},"end":{"line":323,"column":77}},"109":{"start":{"line":326,"column":8},"end":{"line":332,"column":11}},"110":{"start":{"line":327,"column":12},"end":{"line":329,"column":13}},"111":{"start":{"line":328,"column":16},"end":{"line":328,"column":87}},"112":{"start":{"line":330,"column":29},"end":{"line":330,"column":60}},"113":{"start":{"line":331,"column":12},"end":{"line":331,"column":89}},"114":{"start":{"line":339,"column":23},"end":{"line":339,"column":40}},"115":{"start":{"line":340,"column":23},"end":{"line":340,"column":40}},"116":{"start":{"line":341,"column":25},"end":{"line":341,"column":53}},"117":{"start":{"line":342,"column":26},"end":{"line":342,"column":41}},"118":{"start":{"line":345,"column":8},"end":{"line":347,"column":9}},"119":{"start":{"line":346,"column":12},"end":{"line":346,"column":88}},"120":{"start":{"line":348,"column":28},"end":{"line":348,"column":56}},"121":{"start":{"line":349,"column":8},"end":{"line":349,"column":43}},"122":{"start":{"line":350,"column":8},"end":{"line":355,"column":11}},"123":{"start":{"line":358,"column":8},"end":{"line":360,"column":9}},"124":{"start":{"line":359,"column":12},"end":{"line":359,"column":88}},"125":{"start":{"line":361,"column":25},"end":{"line":361,"column":56}},"126":{"start":{"line":362,"column":8},"end":{"line":362,"column":65}},"127":{"start":{"line":363,"column":8},"end":{"line":363,"column":66}},"128":{"start":{"line":370,"column":25},"end":{"line":370,"column":44}},"129":{"start":{"line":371,"column":31},"end":{"line":371,"column":56}},"130":{"start":{"line":372,"column":26},"end":{"line":372,"column":41}},"131":{"start":{"line":375,"column":8},"end":{"line":377,"column":9}},"132":{"start":{"line":376,"column":12},"end":{"line":376,"column":85}},"133":{"start":{"line":378,"column":25},"end":{"line":378,"column":58}},"134":{"start":{"line":379,"column":8},"end":{"line":379,"column":65}},"135":{"start":{"line":386,"column":23},"end":{"line":386,"column":40}},"136":{"start":{"line":387,"column":28},"end":{"line":387,"column":44}},"137":{"start":{"line":388,"column":26},"end":{"line":388,"column":41}},"138":{"start":{"line":391,"column":8},"end":{"line":393,"column":9}},"139":{"start":{"line":392,"column":12},"end":{"line":392,"column":78}},"140":{"start":{"line":394,"column":25},"end":{"line":394,"column":56}},"141":{"start":{"line":395,"column":8},"end":{"line":395,"column":75}},"142":{"start":{"line":398,"column":8},"end":{"line":400,"column":9}},"143":{"start":{"line":399,"column":12},"end":{"line":399,"column":62}},"144":{"start":{"line":401,"column":29},"end":{"line":401,"column":67}},"145":{"start":{"line":402,"column":24},"end":{"line":402,"column":62}},"146":{"start":{"line":403,"column":8},"end":{"line":405,"column":9}},"147":{"start":{"line":404,"column":12},"end":{"line":404,"column":49}},"148":{"start":{"line":406,"column":26},"end":{"line":406,"column":51}},"149":{"start":{"line":407,"column":27},"end":{"line":407,"column":52}},"150":{"start":{"line":408,"column":8},"end":{"line":408,"column":72}},"151":{"start":{"line":415,"column":23},"end":{"line":415,"column":40}},"152":{"start":{"line":416,"column":21},"end":{"line":416,"column":36}},"153":{"start":{"line":417,"column":26},"end":{"line":417,"column":41}},"154":{"start":{"line":420,"column":8},"end":{"line":422,"column":9}},"155":{"start":{"line":421,"column":12},"end":{"line":421,"column":95}},"156":{"start":{"line":423,"column":25},"end":{"line":423,"column":56}},"157":{"start":{"line":424,"column":8},"end":{"line":424,"column":59}},"158":{"start":{"line":425,"column":8},"end":{"line":425,"column":40}},"159":{"start":{"line":432,"column":25},"end":{"line":432,"column":44}},"160":{"start":{"line":433,"column":23},"end":{"line":433,"column":40}},"161":{"start":{"line":434,"column":29},"end":{"line":434,"column":52}},"162":{"start":{"line":435,"column":27},"end":{"line":435,"column":48}},"163":{"start":{"line":436,"column":26},"end":{"line":436,"column":41}},"164":{"start":{"line":439,"column":8},"end":{"line":449,"column":9}},"165":{"start":{"line":440,"column":12},"end":{"line":448,"column":15}},"166":{"start":{"line":451,"column":25},"end":{"line":451,"column":62}},"167":{"start":{"line":452,"column":8},"end":{"line":452,"column":32}},"168":{"start":{"line":453,"column":8},"end":{"line":453,"column":51}},"169":{"start":{"line":454,"column":8},"end":{"line":454,"column":90}},"170":{"start":{"line":456,"column":28},"end":{"line":456,"column":69}},"171":{"start":{"line":457,"column":8},"end":{"line":457,"column":62}},"172":{"start":{"line":459,"column":8},"end":{"line":463,"column":11}},"173":{"start":{"line":471,"column":8},"end":{"line":471,"column":68}},"174":{"start":{"line":478,"column":60},"end":{"line":478,"column":67}},"175":{"start":{"line":479,"column":24},"end":{"line":479,"column":26}},"176":{"start":{"line":481,"column":8},"end":{"line":498,"column":9}},"177":{"start":{"line":482,"column":12},"end":{"line":482,"column":50}},"178":{"start":{"line":482,"column":41},"end":{"line":482,"column":50}},"179":{"start":{"line":484,"column":12},"end":{"line":494,"column":13}},"180":{"start":{"line":485,"column":35},"end":{"line":485,"column":52}},"181":{"start":{"line":486,"column":39},"end":{"line":491,"column":18}},"182":{"start":{"line":487,"column":38},"end":{"line":487,"column":61}},"183":{"start":{"line":488,"column":34},"end":{"line":488,"column":94}},"184":{"start":{"line":489,"column":32},"end":{"line":489,"column":68}},"185":{"start":{"line":490,"column":20},"end":{"line":490,"column":59}},"186":{"start":{"line":493,"column":16},"end":{"line":493,"column":58}},"187":{"start":{"line":493,"column":49},"end":{"line":493,"column":58}},"188":{"start":{"line":496,"column":12},"end":{"line":496,"column":31}},"189":{"start":{"line":497,"column":12},"end":{"line":497,"column":47}},"190":{"start":{"line":497,"column":41},"end":{"line":497,"column":47}},"191":{"start":{"line":500,"column":8},"end":{"line":500,"column":23}},"192":{"start":{"line":507,"column":70},"end":{"line":507,"column":77}},"193":{"start":{"line":508,"column":24},"end":{"line":508,"column":26}},"194":{"start":{"line":510,"column":8},"end":{"line":524,"column":9}},"195":{"start":{"line":511,"column":12},"end":{"line":511,"column":49}},"196":{"start":{"line":511,"column":40},"end":{"line":511,"column":49}},"197":{"start":{"line":512,"column":12},"end":{"line":512,"column":48}},"198":{"start":{"line":512,"column":39},"end":{"line":512,"column":48}},"199":{"start":{"line":513,"column":12},"end":{"line":513,"column":68}},"200":{"start":{"line":513,"column":59},"end":{"line":513,"column":68}},"201":{"start":{"line":515,"column":12},"end":{"line":520,"column":13}},"202":{"start":{"line":516,"column":32},"end":{"line":516,"column":73}},"203":{"start":{"line":517,"column":30},"end":{"line":517,"column":90}},"204":{"start":{"line":518,"column":28},"end":{"line":518,"column":64}},"205":{"start":{"line":519,"column":16},"end":{"line":519,"column":61}},"206":{"start":{"line":519,"column":52},"end":{"line":519,"column":61}},"207":{"start":{"line":522,"column":12},"end":{"line":522,"column":31}},"208":{"start":{"line":523,"column":12},"end":{"line":523,"column":47}},"209":{"start":{"line":523,"column":41},"end":{"line":523,"column":47}},"210":{"start":{"line":526,"column":8},"end":{"line":526,"column":23}},"211":{"start":{"line":533,"column":60},"end":{"line":533,"column":67}},"212":{"start":{"line":534,"column":24},"end":{"line":534,"column":26}},"213":{"start":{"line":536,"column":8},"end":{"line":553,"column":9}},"214":{"start":{"line":537,"column":12},"end":{"line":537,"column":50}},"215":{"start":{"line":537,"column":41},"end":{"line":537,"column":50}},"216":{"start":{"line":539,"column":12},"end":{"line":549,"column":13}},"217":{"start":{"line":540,"column":37},"end":{"line":540,"column":60}},"218":{"start":{"line":541,"column":45},"end":{"line":546,"column":18}},"219":{"start":{"line":542,"column":38},"end":{"line":542,"column":67}},"220":{"start":{"line":543,"column":34},"end":{"line":543,"column":94}},"221":{"start":{"line":544,"column":32},"end":{"line":544,"column":68}},"222":{"start":{"line":545,"column":20},"end":{"line":545,"column":59}},"223":{"start":{"line":548,"column":16},"end":{"line":548,"column":86}},"224":{"start":{"line":548,"column":77},"end":{"line":548,"column":86}},"225":{"start":{"line":551,"column":12},"end":{"line":551,"column":31}},"226":{"start":{"line":552,"column":12},"end":{"line":552,"column":47}},"227":{"start":{"line":552,"column":41},"end":{"line":552,"column":47}},"228":{"start":{"line":555,"column":8},"end":{"line":555,"column":23}},"229":{"start":{"line":562,"column":62},"end":{"line":562,"column":69}},"230":{"start":{"line":563,"column":24},"end":{"line":563,"column":26}},"231":{"start":{"line":565,"column":8},"end":{"line":582,"column":9}},"232":{"start":{"line":566,"column":12},"end":{"line":566,"column":54}},"233":{"start":{"line":566,"column":45},"end":{"line":566,"column":54}},"234":{"start":{"line":568,"column":12},"end":{"line":578,"column":13}},"235":{"start":{"line":569,"column":33},"end":{"line":569,"column":52}},"236":{"start":{"line":570,"column":41},"end":{"line":575,"column":18}},"237":{"start":{"line":571,"column":40},"end":{"line":571,"column":65}},"238":{"start":{"line":572,"column":34},"end":{"line":572,"column":94}},"239":{"start":{"line":573,"column":32},"end":{"line":573,"column":68}},"240":{"start":{"line":574,"column":20},"end":{"line":574,"column":61}},"241":{"start":{"line":577,"column":16},"end":{"line":577,"column":60}},"242":{"start":{"line":577,"column":51},"end":{"line":577,"column":60}},"243":{"start":{"line":580,"column":12},"end":{"line":580,"column":31}},"244":{"start":{"line":581,"column":12},"end":{"line":581,"column":47}},"245":{"start":{"line":581,"column":41},"end":{"line":581,"column":47}},"246":{"start":{"line":584,"column":8},"end":{"line":584,"column":23}},"247":{"start":{"line":591,"column":20},"end":{"line":591,"column":28}},"248":{"start":{"line":592,"column":25},"end":{"line":592,"column":56}},"249":{"start":{"line":593,"column":26},"end":{"line":593,"column":58}},"250":{"start":{"line":596,"column":27},"end":{"line":596,"column":51}},"251":{"start":{"line":597,"column":32},"end":{"line":598,"column":50}},"252":{"start":{"line":598,"column":28},"end":{"line":598,"column":42}},"253":{"start":{"line":599,"column":34},"end":{"line":600,"column":73}},"254":{"start":{"line":600,"column":35},"end":{"line":600,"column":69}},"255":{"start":{"line":603,"column":27},"end":{"line":603,"column":28}},"256":{"start":{"line":604,"column":8},"end":{"line":606,"column":9}},"257":{"start":{"line":605,"column":12},"end":{"line":605,"column":51}},"258":{"start":{"line":609,"column":36},"end":{"line":613,"column":21}},"259":{"start":{"line":611,"column":34},"end":{"line":611,"column":85}},"260":{"start":{"line":612,"column":16},"end":{"line":612,"column":51}},"261":{"start":{"line":616,"column":29},"end":{"line":618,"column":23}},"262":{"start":{"line":617,"column":29},"end":{"line":617,"column":70}},"263":{"start":{"line":620,"column":8},"end":{"line":637,"column":10}},"264":{"start":{"line":644,"column":28},"end":{"line":648,"column":20}},"265":{"start":{"line":646,"column":16},"end":{"line":647,"column":69}},"266":{"start":{"line":650,"column":30},"end":{"line":650,"column":68}},"267":{"start":{"line":651,"column":28},"end":{"line":651,"column":64}},"268":{"start":{"line":653,"column":27},"end":{"line":657,"column":20}},"269":{"start":{"line":655,"column":16},"end":{"line":656,"column":77}},"270":{"start":{"line":659,"column":8},"end":{"line":659,"column":63}},"271":{"start":{"line":659,"column":30},"end":{"line":659,"column":63}},"272":{"start":{"line":661,"column":8},"end":{"line":661,"column":63}},"273":{"start":{"line":668,"column":30},"end":{"line":668,"column":31}},"274":{"start":{"line":669,"column":28},"end":{"line":669,"column":29}},"275":{"start":{"line":670,"column":24},"end":{"line":670,"column":25}},"276":{"start":{"line":671,"column":26},"end":{"line":671,"column":27}},"277":{"start":{"line":673,"column":8},"end":{"line":683,"column":9}},"278":{"start":{"line":674,"column":12},"end":{"line":674,"column":61}},"279":{"start":{"line":675,"column":12},"end":{"line":675,"column":52}},"280":{"start":{"line":678,"column":12},"end":{"line":682,"column":13}},"281":{"start":{"line":679,"column":16},"end":{"line":681,"column":17}},"282":{"start":{"line":680,"column":20},"end":{"line":680,"column":41}},"283":{"start":{"line":685,"column":31},"end":{"line":685,"column":59}},"284":{"start":{"line":686,"column":8},"end":{"line":686,"column":84}},"285":{"start":{"line":687,"column":8},"end":{"line":687,"column":80}},"286":{"start":{"line":689,"column":8},"end":{"line":695,"column":10}},"287":{"start":{"line":702,"column":20},"end":{"line":702,"column":28}},"288":{"start":{"line":703,"column":25},"end":{"line":703,"column":56}},"289":{"start":{"line":704,"column":26},"end":{"line":704,"column":58}},"290":{"start":{"line":707,"column":27},"end":{"line":707,"column":51}},"291":{"start":{"line":708,"column":33},"end":{"line":712,"column":21}},"292":{"start":{"line":710,"column":34},"end":{"line":710,"column":85}},"293":{"start":{"line":711,"column":16},"end":{"line":711,"column":52}},"294":{"start":{"line":714,"column":36},"end":{"line":718,"column":21}},"295":{"start":{"line":716,"column":34},"end":{"line":716,"column":85}},"296":{"start":{"line":717,"column":16},"end":{"line":717,"column":51}},"297":{"start":{"line":720,"column":35},"end":{"line":721,"column":85}},"298":{"start":{"line":721,"column":35},"end":{"line":721,"column":68}},"299":{"start":{"line":724,"column":31},"end":{"line":725,"column":66}},"300":{"start":{"line":725,"column":35},"end":{"line":725,"column":62}},"301":{"start":{"line":727,"column":36},"end":{"line":727,"column":84}},"302":{"start":{"line":730,"column":32},"end":{"line":731,"column":85}},"303":{"start":{"line":731,"column":28},"end":{"line":731,"column":77}},"304":{"start":{"line":733,"column":31},"end":{"line":733,"column":88}},"305":{"start":{"line":735,"column":8},"end":{"line":749,"column":10}},"306":{"start":{"line":757,"column":20},"end":{"line":757,"column":28}},"307":{"start":{"line":758,"column":42},"end":{"line":762,"column":14}},"308":{"start":{"line":760,"column":32},"end":{"line":760,"column":97}},"309":{"start":{"line":761,"column":16},"end":{"line":761,"column":72}},"310":{"start":{"line":764,"column":30},"end":{"line":767,"column":10}},"311":{"start":{"line":765,"column":30},"end":{"line":765,"column":81}},"312":{"start":{"line":766,"column":12},"end":{"line":766,"column":69}},"313":{"start":{"line":769,"column":30},"end":{"line":770,"column":79}},"314":{"start":{"line":772,"column":8},"end":{"line":776,"column":10}},"315":{"start":{"line":783,"column":27},"end":{"line":783,"column":36}},"316":{"start":{"line":785,"column":8},"end":{"line":791,"column":9}},"317":{"start":{"line":786,"column":12},"end":{"line":790,"column":13}},"318":{"start":{"line":787,"column":16},"end":{"line":789,"column":17}},"319":{"start":{"line":788,"column":20},"end":{"line":788,"column":74}},"320":{"start":{"line":794,"column":8},"end":{"line":797,"column":55}},"321":{"start":{"line":795,"column":28},"end":{"line":795,"column":39}},"322":{"start":{"line":797,"column":37},"end":{"line":797,"column":52}},"323":{"start":{"line":804,"column":20},"end":{"line":804,"column":28}},"324":{"start":{"line":805,"column":26},"end":{"line":805,"column":58}},"325":{"start":{"line":806,"column":29},"end":{"line":806,"column":61}},"326":{"start":{"line":808,"column":31},"end":{"line":812,"column":21}},"327":{"start":{"line":810,"column":32},"end":{"line":810,"column":97}},"328":{"start":{"line":811,"column":16},"end":{"line":811,"column":57}},"329":{"start":{"line":814,"column":34},"end":{"line":818,"column":21}},"330":{"start":{"line":816,"column":32},"end":{"line":816,"column":97}},"331":{"start":{"line":817,"column":16},"end":{"line":817,"column":66}},"332":{"start":{"line":820,"column":27},"end":{"line":821,"column":80}},"333":{"start":{"line":823,"column":8},"end":{"line":827,"column":10}},"334":{"start":{"line":834,"column":20},"end":{"line":834,"column":28}},"335":{"start":{"line":835,"column":25},"end":{"line":835,"column":56}},"336":{"start":{"line":836,"column":26},"end":{"line":836,"column":58}},"337":{"start":{"line":839,"column":26},"end":{"line":840,"column":50}},"338":{"start":{"line":840,"column":28},"end":{"line":840,"column":42}},"339":{"start":{"line":842,"column":32},"end":{"line":846,"column":21}},"340":{"start":{"line":844,"column":33},"end":{"line":844,"column":86}},"341":{"start":{"line":845,"column":16},"end":{"line":845,"column":51}},"342":{"start":{"line":848,"column":35},"end":{"line":852,"column":21}},"343":{"start":{"line":850,"column":33},"end":{"line":850,"column":86}},"344":{"start":{"line":851,"column":16},"end":{"line":851,"column":50}},"345":{"start":{"line":855,"column":34},"end":{"line":856,"column":73}},"346":{"start":{"line":856,"column":35},"end":{"line":856,"column":69}},"347":{"start":{"line":858,"column":34},"end":{"line":864,"column":17}},"348":{"start":{"line":860,"column":16},"end":{"line":860,"column":51}},"349":{"start":{"line":860,"column":40},"end":{"line":860,"column":51}},"350":{"start":{"line":861,"column":16},"end":{"line":863,"column":25}},"351":{"start":{"line":862,"column":20},"end":{"line":862,"column":60}},"352":{"start":{"line":867,"column":37},"end":{"line":868,"column":68}},"353":{"start":{"line":868,"column":28},"end":{"line":868,"column":60}},"354":{"start":{"line":870,"column":38},"end":{"line":870,"column":87}},"355":{"start":{"line":873,"column":34},"end":{"line":873,"column":64}},"356":{"start":{"line":875,"column":8},"end":{"line":889,"column":10}},"357":{"start":{"line":898,"column":8},"end":{"line":904,"column":10}},"358":{"start":{"line":912,"column":32},"end":{"line":912,"column":33}},"359":{"start":{"line":913,"column":30},"end":{"line":913,"column":31}},"360":{"start":{"line":914,"column":25},"end":{"line":914,"column":26}},"361":{"start":{"line":916,"column":8},"end":{"line":919,"column":9}},"362":{"start":{"line":917,"column":12},"end":{"line":917,"column":60}},"363":{"start":{"line":918,"column":12},"end":{"line":918,"column":61}},"364":{"start":{"line":921,"column":38},"end":{"line":922,"column":58}},"365":{"start":{"line":924,"column":30},"end":{"line":925,"column":59}},"366":{"start":{"line":927,"column":8},"end":{"line":932,"column":10}},"367":{"start":{"line":939,"column":20},"end":{"line":939,"column":28}},"368":{"start":{"line":940,"column":26},"end":{"line":940,"column":58}},"369":{"start":{"line":941,"column":29},"end":{"line":941,"column":61}},"370":{"start":{"line":943,"column":30},"end":{"line":947,"column":21}},"371":{"start":{"line":945,"column":33},"end":{"line":945,"column":86}},"372":{"start":{"line":946,"column":16},"end":{"line":946,"column":76}},"373":{"start":{"line":949,"column":33},"end":{"line":953,"column":21}},"374":{"start":{"line":951,"column":33},"end":{"line":951,"column":86}},"375":{"start":{"line":952,"column":16},"end":{"line":952,"column":85}},"376":{"start":{"line":955,"column":27},"end":{"line":956,"column":77}},"377":{"start":{"line":958,"column":8},"end":{"line":962,"column":10}},"378":{"start":{"line":970,"column":27},"end":{"line":970,"column":28}},"379":{"start":{"line":971,"column":29},"end":{"line":971,"column":30}},"380":{"start":{"line":972,"column":28},"end":{"line":972,"column":29}},"381":{"start":{"line":973,"column":27},"end":{"line":973,"column":28}},"382":{"start":{"line":975,"column":20},"end":{"line":975,"column":28}},"383":{"start":{"line":976,"column":22},"end":{"line":976,"column":48}},"384":{"start":{"line":977,"column":25},"end":{"line":977,"column":52}},"385":{"start":{"line":978,"column":26},"end":{"line":978,"column":54}},"386":{"start":{"line":980,"column":8},"end":{"line":998,"column":9}},"387":{"start":{"line":981,"column":12},"end":{"line":981,"column":51}},"388":{"start":{"line":983,"column":12},"end":{"line":997,"column":13}},"389":{"start":{"line":984,"column":16},"end":{"line":996,"column":19}},"390":{"start":{"line":985,"column":38},"end":{"line":985,"column":67}},"391":{"start":{"line":987,"column":20},"end":{"line":989,"column":21}},"392":{"start":{"line":988,"column":24},"end":{"line":988,"column":59}},"393":{"start":{"line":990,"column":20},"end":{"line":992,"column":21}},"394":{"start":{"line":991,"column":24},"end":{"line":991,"column":60}},"395":{"start":{"line":993,"column":20},"end":{"line":995,"column":21}},"396":{"start":{"line":994,"column":24},"end":{"line":994,"column":61}},"397":{"start":{"line":1001,"column":30},"end":{"line":1001,"column":59}},"398":{"start":{"line":1003,"column":8},"end":{"line":1014,"column":10}},"399":{"start":{"line":1021,"column":20},"end":{"line":1021,"column":28}},"400":{"start":{"line":1022,"column":26},"end":{"line":1022,"column":75}},"401":{"start":{"line":1023,"column":26},"end":{"line":1023,"column":64}},"402":{"start":{"line":1025,"column":31},"end":{"line":1025,"column":32}},"403":{"start":{"line":1026,"column":31},"end":{"line":1026,"column":32}},"404":{"start":{"line":1028,"column":8},"end":{"line":1040,"column":9}},"405":{"start":{"line":1029,"column":12},"end":{"line":1039,"column":13}},"406":{"start":{"line":1030,"column":16},"end":{"line":1038,"column":19}},"407":{"start":{"line":1031,"column":38},"end":{"line":1031,"column":67}},"408":{"start":{"line":1033,"column":20},"end":{"line":1037,"column":21}},"409":{"start":{"line":1034,"column":24},"end":{"line":1034,"column":63}},"410":{"start":{"line":1035,"column":27},"end":{"line":1037,"column":21}},"411":{"start":{"line":1036,"column":24},"end":{"line":1036,"column":63}},"412":{"start":{"line":1042,"column":27},"end":{"line":1043,"column":80}},"413":{"start":{"line":1045,"column":8},"end":{"line":1049,"column":10}},"414":{"start":{"line":1058,"column":8},"end":{"line":1063,"column":10}},"415":{"start":{"line":1071,"column":31},"end":{"line":1074,"column":25}},"416":{"start":{"line":1072,"column":34},"end":{"line":1072,"column":73}},"417":{"start":{"line":1073,"column":28},"end":{"line":1073,"column":49}},"418":{"start":{"line":1076,"column":8},"end":{"line":1076,"column":30}},"419":{"start":{"line":1083,"column":8},"end":{"line":1096,"column":9}},"420":{"start":{"line":1085,"column":16},"end":{"line":1085,"column":56}},"421":{"start":{"line":1087,"column":16},"end":{"line":1087,"column":61}},"422":{"start":{"line":1089,"column":16},"end":{"line":1089,"column":57}},"423":{"start":{"line":1091,"column":16},"end":{"line":1091,"column":54}},"424":{"start":{"line":1093,"column":16},"end":{"line":1093,"column":59}},"425":{"start":{"line":1095,"column":16},"end":{"line":1095,"column":70}},"426":{"start":{"line":1103,"column":21},"end":{"line":1103,"column":98}},"427":{"start":{"line":1105,"column":8},"end":{"line":1115,"column":9}},"428":{"start":{"line":1107,"column":16},"end":{"line":1107,"column":53}},"429":{"start":{"line":1109,"column":16},"end":{"line":1109,"column":47}},"430":{"start":{"line":1112,"column":16},"end":{"line":1112,"column":53}},"431":{"start":{"line":1114,"column":16},"end":{"line":1114,"column":72}},"432":{"start":{"line":1124,"column":8},"end":{"line":1124,"column":36}},"433":{"start":{"line":1131,"column":8},"end":{"line":1139,"column":10}},"434":{"start":{"line":1146,"column":27},"end":{"line":1146,"column":82}},"435":{"start":{"line":1147,"column":24},"end":{"line":1153,"column":9}},"436":{"start":{"line":1156,"column":8},"end":{"line":1161,"column":9}},"437":{"start":{"line":1157,"column":12},"end":{"line":1160,"column":13}},"438":{"start":{"line":1158,"column":16},"end":{"line":1158,"column":39}},"439":{"start":{"line":1159,"column":16},"end":{"line":1159,"column":33}},"440":{"start":{"line":1164,"column":8},"end":{"line":1169,"column":9}},"441":{"start":{"line":1165,"column":12},"end":{"line":1168,"column":13}},"442":{"start":{"line":1166,"column":16},"end":{"line":1166,"column":47}},"443":{"start":{"line":1167,"column":16},"end":{"line":1167,"column":41}},"444":{"start":{"line":1172,"column":8},"end":{"line":1177,"column":9}},"445":{"start":{"line":1173,"column":12},"end":{"line":1176,"column":13}},"446":{"start":{"line":1174,"column":16},"end":{"line":1174,"column":45}},"447":{"start":{"line":1175,"column":16},"end":{"line":1175,"column":39}},"448":{"start":{"line":1179,"column":8},"end":{"line":1179,"column":23}},"449":{"start":{"line":1186,"column":20},"end":{"line":1186,"column":30}},"450":{"start":{"line":1187,"column":23},"end":{"line":1193,"column":9}},"451":{"start":{"line":1195,"column":21},"end":{"line":1195,"column":43}},"452":{"start":{"line":1196,"column":26},"end":{"line":1196,"column":78}},"453":{"start":{"line":1198,"column":23},"end":{"line":1202,"column":14}},"454":{"start":{"line":1200,"column":34},"end":{"line":1200,"column":59}},"455":{"start":{"line":1201,"column":16},"end":{"line":1201,"column":94}},"456":{"start":{"line":1205,"column":26},"end":{"line":1205,"column":28}},"457":{"start":{"line":1206,"column":8},"end":{"line":1210,"column":9}},"458":{"start":{"line":1206,"column":21},"end":{"line":1206,"column":22}},"459":{"start":{"line":1207,"column":25},"end":{"line":1207,"column":80}},"460":{"start":{"line":1208,"column":28},"end":{"line":1208,"column":60}},"461":{"start":{"line":1209,"column":12},"end":{"line":1209,"column":35}},"462":{"start":{"line":1212,"column":8},"end":{"line":1217,"column":11}},"463":{"start":{"line":1213,"column":28},"end":{"line":1213,"column":57}},"464":{"start":{"line":1214,"column":12},"end":{"line":1216,"column":13}},"465":{"start":{"line":1215,"column":16},"end":{"line":1215,"column":37}},"466":{"start":{"line":1219,"column":8},"end":{"line":1225,"column":10}},"467":{"start":{"line":1229,"column":0},"end":{"line":1229,"column":34}}},"fnMap":{"0":{"name":"(anonymous_0)","decl":{"start":{"line":10,"column":4},"end":{"line":10,"column":5}},"loc":{"start":{"line":10,"column":30},"end":{"line":45,"column":5}},"line":10},"1":{"name":"(anonymous_1)","decl":{"start":{"line":50,"column":4},"end":{"line":50,"column":5}},"loc":{"start":{"line":50,"column":31},"end":{"line":58,"column":5}},"line":50},"2":{"name":"(anonymous_2)","decl":{"start":{"line":63,"column":4},"end":{"line":63,"column":5}},"loc":{"start":{"line":63,"column":50},"end":{"line":80,"column":5}},"line":63},"3":{"name":"(anonymous_3)","decl":{"start":{"line":85,"column":4},"end":{"line":85,"column":5}},"loc":{"start":{"line":85,"column":24},"end":{"line":129,"column":5}},"line":85},"4":{"name":"(anonymous_4)","decl":{"start":{"line":134,"column":4},"end":{"line":134,"column":5}},"loc":{"start":{"line":134,"column":28},"end":{"line":156,"column":5}},"line":134},"5":{"name":"(anonymous_5)","decl":{"start":{"line":161,"column":4},"end":{"line":161,"column":5}},"loc":{"start":{"line":161,"column":35},"end":{"line":181,"column":5}},"line":161},"6":{"name":"(anonymous_6)","decl":{"start":{"line":186,"column":4},"end":{"line":186,"column":5}},"loc":{"start":{"line":186,"column":26},"end":{"line":214,"column":5}},"line":186},"7":{"name":"(anonymous_7)","decl":{"start":{"line":219,"column":4},"end":{"line":219,"column":5}},"loc":{"start":{"line":219,"column":33},"end":{"line":259,"column":5}},"line":219},"8":{"name":"(anonymous_8)","decl":{"start":{"line":264,"column":4},"end":{"line":264,"column":5}},"loc":{"start":{"line":264,"column":26},"end":{"line":288,"column":5}},"line":264},"9":{"name":"(anonymous_9)","decl":{"start":{"line":293,"column":4},"end":{"line":293,"column":5}},"loc":{"start":{"line":293,"column":31},"end":{"line":307,"column":5}},"line":293},"10":{"name":"(anonymous_10)","decl":{"start":{"line":312,"column":4},"end":{"line":312,"column":5}},"loc":{"start":{"line":312,"column":36},"end":{"line":333,"column":5}},"line":312},"11":{"name":"(anonymous_11)","decl":{"start":{"line":326,"column":45},"end":{"line":326,"column":46}},"loc":{"start":{"line":326,"column":55},"end":{"line":332,"column":9}},"line":326},"12":{"name":"(anonymous_12)","decl":{"start":{"line":338,"column":4},"end":{"line":338,"column":5}},"loc":{"start":{"line":338,"column":26},"end":{"line":364,"column":5}},"line":338},"13":{"name":"(anonymous_13)","decl":{"start":{"line":369,"column":4},"end":{"line":369,"column":5}},"loc":{"start":{"line":369,"column":30},"end":{"line":380,"column":5}},"line":369},"14":{"name":"(anonymous_14)","decl":{"start":{"line":385,"column":4},"end":{"line":385,"column":5}},"loc":{"start":{"line":385,"column":34},"end":{"line":409,"column":5}},"line":385},"15":{"name":"(anonymous_15)","decl":{"start":{"line":414,"column":4},"end":{"line":414,"column":5}},"loc":{"start":{"line":414,"column":27},"end":{"line":426,"column":5}},"line":414},"16":{"name":"(anonymous_16)","decl":{"start":{"line":431,"column":4},"end":{"line":431,"column":5}},"loc":{"start":{"line":431,"column":29},"end":{"line":464,"column":5}},"line":431},"17":{"name":"(anonymous_17)","decl":{"start":{"line":469,"column":4},"end":{"line":469,"column":5}},"loc":{"start":{"line":469,"column":31},"end":{"line":472,"column":5}},"line":469},"18":{"name":"(anonymous_18)","decl":{"start":{"line":477,"column":4},"end":{"line":477,"column":5}},"loc":{"start":{"line":477,"column":45},"end":{"line":501,"column":5}},"line":477},"19":{"name":"(anonymous_19)","decl":{"start":{"line":486,"column":57},"end":{"line":486,"column":58}},"loc":{"start":{"line":486,"column":66},"end":{"line":491,"column":17}},"line":486},"20":{"name":"(anonymous_20)","decl":{"start":{"line":506,"column":4},"end":{"line":506,"column":5}},"loc":{"start":{"line":506,"column":41},"end":{"line":527,"column":5}},"line":506},"21":{"name":"(anonymous_21)","decl":{"start":{"line":532,"column":4},"end":{"line":532,"column":5}},"loc":{"start":{"line":532,"column":38},"end":{"line":556,"column":5}},"line":532},"22":{"name":"(anonymous_22)","decl":{"start":{"line":541,"column":65},"end":{"line":541,"column":66}},"loc":{"start":{"line":541,"column":80},"end":{"line":546,"column":17}},"line":541},"23":{"name":"(anonymous_23)","decl":{"start":{"line":561,"column":4},"end":{"line":561,"column":5}},"loc":{"start":{"line":561,"column":40},"end":{"line":585,"column":5}},"line":561},"24":{"name":"(anonymous_24)","decl":{"start":{"line":570,"column":57},"end":{"line":570,"column":58}},"loc":{"start":{"line":570,"column":68},"end":{"line":575,"column":17}},"line":570},"25":{"name":"(anonymous_25)","decl":{"start":{"line":590,"column":4},"end":{"line":590,"column":5}},"loc":{"start":{"line":590,"column":32},"end":{"line":638,"column":5}},"line":590},"26":{"name":"(anonymous_26)","decl":{"start":{"line":598,"column":20},"end":{"line":598,"column":21}},"loc":{"start":{"line":598,"column":28},"end":{"line":598,"column":42}},"line":598},"27":{"name":"(anonymous_27)","decl":{"start":{"line":600,"column":20},"end":{"line":600,"column":21}},"loc":{"start":{"line":600,"column":35},"end":{"line":600,"column":69}},"line":600},"28":{"name":"(anonymous_28)","decl":{"start":{"line":610,"column":20},"end":{"line":610,"column":21}},"loc":{"start":{"line":610,"column":28},"end":{"line":613,"column":13}},"line":610},"29":{"name":"(anonymous_29)","decl":{"start":{"line":617,"column":20},"end":{"line":617,"column":21}},"loc":{"start":{"line":617,"column":29},"end":{"line":617,"column":70}},"line":617},"30":{"name":"(anonymous_30)","decl":{"start":{"line":643,"column":4},"end":{"line":643,"column":5}},"loc":{"start":{"line":643,"column":51},"end":{"line":662,"column":5}},"line":643},"31":{"name":"(anonymous_31)","decl":{"start":{"line":645,"column":20},"end":{"line":645,"column":21}},"loc":{"start":{"line":646,"column":16},"end":{"line":647,"column":69}},"line":646},"32":{"name":"(anonymous_32)","decl":{"start":{"line":654,"column":20},"end":{"line":654,"column":21}},"loc":{"start":{"line":655,"column":16},"end":{"line":656,"column":77}},"line":655},"33":{"name":"(anonymous_33)","decl":{"start":{"line":667,"column":4},"end":{"line":667,"column":5}},"loc":{"start":{"line":667,"column":28},"end":{"line":696,"column":5}},"line":667},"34":{"name":"(anonymous_34)","decl":{"start":{"line":701,"column":4},"end":{"line":701,"column":5}},"loc":{"start":{"line":701,"column":37},"end":{"line":750,"column":5}},"line":701},"35":{"name":"(anonymous_35)","decl":{"start":{"line":709,"column":20},"end":{"line":709,"column":21}},"loc":{"start":{"line":709,"column":28},"end":{"line":712,"column":13}},"line":709},"36":{"name":"(anonymous_36)","decl":{"start":{"line":715,"column":20},"end":{"line":715,"column":21}},"loc":{"start":{"line":715,"column":28},"end":{"line":718,"column":13}},"line":715},"37":{"name":"(anonymous_37)","decl":{"start":{"line":721,"column":20},"end":{"line":721,"column":21}},"loc":{"start":{"line":721,"column":35},"end":{"line":721,"column":68}},"line":721},"38":{"name":"(anonymous_38)","decl":{"start":{"line":725,"column":20},"end":{"line":725,"column":21}},"loc":{"start":{"line":725,"column":35},"end":{"line":725,"column":62}},"line":725},"39":{"name":"(anonymous_39)","decl":{"start":{"line":731,"column":20},"end":{"line":731,"column":21}},"loc":{"start":{"line":731,"column":28},"end":{"line":731,"column":77}},"line":731},"40":{"name":"(anonymous_40)","decl":{"start":{"line":755,"column":4},"end":{"line":755,"column":5}},"loc":{"start":{"line":755,"column":29},"end":{"line":777,"column":5}},"line":755},"41":{"name":"(anonymous_41)","decl":{"start":{"line":759,"column":20},"end":{"line":759,"column":21}},"loc":{"start":{"line":759,"column":28},"end":{"line":762,"column":13}},"line":759},"42":{"name":"(anonymous_42)","decl":{"start":{"line":764,"column":63},"end":{"line":764,"column":64}},"loc":{"start":{"line":764,"column":71},"end":{"line":767,"column":9}},"line":764},"43":{"name":"(anonymous_43)","decl":{"start":{"line":782,"column":4},"end":{"line":782,"column":5}},"loc":{"start":{"line":782,"column":22},"end":{"line":798,"column":5}},"line":782},"44":{"name":"(anonymous_44)","decl":{"start":{"line":795,"column":18},"end":{"line":795,"column":19}},"loc":{"start":{"line":795,"column":28},"end":{"line":795,"column":39}},"line":795},"45":{"name":"(anonymous_45)","decl":{"start":{"line":797,"column":17},"end":{"line":797,"column":18}},"loc":{"start":{"line":797,"column":37},"end":{"line":797,"column":52}},"line":797},"46":{"name":"(anonymous_46)","decl":{"start":{"line":803,"column":4},"end":{"line":803,"column":5}},"loc":{"start":{"line":803,"column":26},"end":{"line":828,"column":5}},"line":803},"47":{"name":"(anonymous_47)","decl":{"start":{"line":809,"column":20},"end":{"line":809,"column":21}},"loc":{"start":{"line":809,"column":28},"end":{"line":812,"column":13}},"line":809},"48":{"name":"(anonymous_48)","decl":{"start":{"line":815,"column":20},"end":{"line":815,"column":21}},"loc":{"start":{"line":815,"column":28},"end":{"line":818,"column":13}},"line":815},"49":{"name":"(anonymous_49)","decl":{"start":{"line":833,"column":4},"end":{"line":833,"column":5}},"loc":{"start":{"line":833,"column":33},"end":{"line":890,"column":5}},"line":833},"50":{"name":"(anonymous_50)","decl":{"start":{"line":840,"column":20},"end":{"line":840,"column":21}},"loc":{"start":{"line":840,"column":28},"end":{"line":840,"column":42}},"line":840},"51":{"name":"(anonymous_51)","decl":{"start":{"line":843,"column":20},"end":{"line":843,"column":21}},"loc":{"start":{"line":843,"column":28},"end":{"line":846,"column":13}},"line":843},"52":{"name":"(anonymous_52)","decl":{"start":{"line":849,"column":20},"end":{"line":849,"column":21}},"loc":{"start":{"line":849,"column":28},"end":{"line":852,"column":13}},"line":849},"53":{"name":"(anonymous_53)","decl":{"start":{"line":856,"column":20},"end":{"line":856,"column":21}},"loc":{"start":{"line":856,"column":35},"end":{"line":856,"column":69}},"line":856},"54":{"name":"(anonymous_54)","decl":{"start":{"line":859,"column":20},"end":{"line":859,"column":21}},"loc":{"start":{"line":859,"column":35},"end":{"line":864,"column":13}},"line":859},"55":{"name":"(anonymous_55)","decl":{"start":{"line":861,"column":54},"end":{"line":861,"column":55}},"loc":{"start":{"line":862,"column":20},"end":{"line":862,"column":60}},"line":862},"56":{"name":"(anonymous_56)","decl":{"start":{"line":868,"column":20},"end":{"line":868,"column":21}},"loc":{"start":{"line":868,"column":28},"end":{"line":868,"column":60}},"line":868},"57":{"name":"(anonymous_57)","decl":{"start":{"line":895,"column":4},"end":{"line":895,"column":5}},"loc":{"start":{"line":895,"column":30},"end":{"line":905,"column":5}},"line":895},"58":{"name":"(anonymous_58)","decl":{"start":{"line":910,"column":4},"end":{"line":910,"column":5}},"loc":{"start":{"line":910,"column":28},"end":{"line":933,"column":5}},"line":910},"59":{"name":"(anonymous_59)","decl":{"start":{"line":938,"column":4},"end":{"line":938,"column":5}},"loc":{"start":{"line":938,"column":25},"end":{"line":963,"column":5}},"line":938},"60":{"name":"(anonymous_60)","decl":{"start":{"line":944,"column":20},"end":{"line":944,"column":21}},"loc":{"start":{"line":944,"column":28},"end":{"line":947,"column":13}},"line":944},"61":{"name":"(anonymous_61)","decl":{"start":{"line":950,"column":20},"end":{"line":950,"column":21}},"loc":{"start":{"line":950,"column":28},"end":{"line":953,"column":13}},"line":950},"62":{"name":"(anonymous_62)","decl":{"start":{"line":968,"column":4},"end":{"line":968,"column":5}},"loc":{"start":{"line":968,"column":30},"end":{"line":1015,"column":5}},"line":968},"63":{"name":"(anonymous_63)","decl":{"start":{"line":984,"column":42},"end":{"line":984,"column":43}},"loc":{"start":{"line":984,"column":57},"end":{"line":996,"column":17}},"line":984},"64":{"name":"(anonymous_64)","decl":{"start":{"line":1020,"column":4},"end":{"line":1020,"column":5}},"loc":{"start":{"line":1020,"column":29},"end":{"line":1050,"column":5}},"line":1020},"65":{"name":"(anonymous_65)","decl":{"start":{"line":1030,"column":42},"end":{"line":1030,"column":43}},"loc":{"start":{"line":1030,"column":57},"end":{"line":1038,"column":17}},"line":1030},"66":{"name":"(anonymous_66)","decl":{"start":{"line":1055,"column":4},"end":{"line":1055,"column":5}},"loc":{"start":{"line":1055,"column":35},"end":{"line":1064,"column":5}},"line":1055},"67":{"name":"(anonymous_67)","decl":{"start":{"line":1069,"column":4},"end":{"line":1069,"column":5}},"loc":{"start":{"line":1069,"column":27},"end":{"line":1077,"column":5}},"line":1069},"68":{"name":"(anonymous_68)","decl":{"start":{"line":1072,"column":17},"end":{"line":1072,"column":18}},"loc":{"start":{"line":1072,"column":34},"end":{"line":1072,"column":73}},"line":1072},"69":{"name":"(anonymous_69)","decl":{"start":{"line":1073,"column":18},"end":{"line":1073,"column":19}},"loc":{"start":{"line":1073,"column":28},"end":{"line":1073,"column":49}},"line":1073},"70":{"name":"(anonymous_70)","decl":{"start":{"line":1082,"column":4},"end":{"line":1082,"column":5}},"loc":{"start":{"line":1082,"column":51},"end":{"line":1097,"column":5}},"line":1082},"71":{"name":"(anonymous_71)","decl":{"start":{"line":1102,"column":4},"end":{"line":1102,"column":5}},"loc":{"start":{"line":1102,"column":46},"end":{"line":1116,"column":5}},"line":1102},"72":{"name":"(anonymous_72)","decl":{"start":{"line":1121,"column":4},"end":{"line":1121,"column":5}},"loc":{"start":{"line":1121,"column":23},"end":{"line":1125,"column":5}},"line":1121},"73":{"name":"(anonymous_73)","decl":{"start":{"line":1130,"column":4},"end":{"line":1130,"column":5}},"loc":{"start":{"line":1130,"column":24},"end":{"line":1140,"column":5}},"line":1130},"74":{"name":"(anonymous_74)","decl":{"start":{"line":1145,"column":4},"end":{"line":1145,"column":5}},"loc":{"start":{"line":1145,"column":19},"end":{"line":1180,"column":5}},"line":1145},"75":{"name":"(anonymous_75)","decl":{"start":{"line":1185,"column":4},"end":{"line":1185,"column":5}},"loc":{"start":{"line":1185,"column":49},"end":{"line":1226,"column":5}},"line":1185},"76":{"name":"(anonymous_76)","decl":{"start":{"line":1199,"column":20},"end":{"line":1199,"column":21}},"loc":{"start":{"line":1199,"column":29},"end":{"line":1202,"column":13}},"line":1199},"77":{"name":"(anonymous_77)","decl":{"start":{"line":1212,"column":23},"end":{"line":1212,"column":24}},"loc":{"start":{"line":1212,"column":32},"end":{"line":1217,"column":9}},"line":1212}},"branchMap":{"0":{"loc":{"start":{"line":10,"column":16},"end":{"line":10,"column":28}},"type":"default-arg","locations":[{"start":{"line":10,"column":26},"end":{"line":10,"column":28}}],"line":10},"1":{"loc":{"start":{"line":13,"column":29},"end":{"line":13,"column":59}},"type":"binary-expr","locations":[{"start":{"line":13,"column":29},"end":{"line":13,"column":52}},{"start":{"line":13,"column":56},"end":{"line":13,"column":59}}],"line":13},"2":{"loc":{"start":{"line":16,"column":33},"end":{"line":16,"column":72}},"type":"binary-expr","locations":[{"start":{"line":16,"column":33},"end":{"line":16,"column":60}},{"start":{"line":16,"column":64},"end":{"line":16,"column":72}}],"line":16},"3":{"loc":{"start":{"line":63,"column":35},"end":{"line":63,"column":48}},"type":"default-arg","locations":[{"start":{"line":63,"column":46},"end":{"line":63,"column":48}}],"line":63},"4":{"loc":{"start":{"line":86,"column":8},"end":{"line":125,"column":9}},"type":"switch","locations":[{"start":{"line":87,"column":12},"end":{"line":89,"column":22}},{"start":{"line":90,"column":12},"end":{"line":92,"column":22}},{"start":{"line":93,"column":12},"end":{"line":95,"column":22}},{"start":{"line":96,"column":12},"end":{"line":98,"column":22}},{"start":{"line":99,"column":12},"end":{"line":101,"column":22}},{"start":{"line":102,"column":12},"end":{"line":104,"column":22}},{"start":{"line":105,"column":12},"end":{"line":107,"column":22}},{"start":{"line":108,"column":12},"end":{"line":110,"column":22}},{"start":{"line":111,"column":12},"end":{"line":113,"column":22}},{"start":{"line":114,"column":12},"end":{"line":116,"column":22}},{"start":{"line":117,"column":12},"end":{"line":119,"column":22}},{"start":{"line":120,"column":12},"end":{"line":122,"column":22}},{"start":{"line":123,"column":12},"end":{"line":124,"column":48}}],"line":86},"5":{"loc":{"start":{"line":138,"column":8},"end":{"line":147,"column":9}},"type":"if","locations":[{"start":{"line":138,"column":8},"end":{"line":147,"column":9}},{"start":{},"end":{}}],"line":138},"6":{"loc":{"start":{"line":165,"column":8},"end":{"line":172,"column":9}},"type":"if","locations":[{"start":{"line":165,"column":8},"end":{"line":172,"column":9}},{"start":{},"end":{}}],"line":165},"7":{"loc":{"start":{"line":191,"column":8},"end":{"line":204,"column":9}},"type":"if","locations":[{"start":{"line":191,"column":8},"end":{"line":204,"column":9}},{"start":{},"end":{}}],"line":191},"8":{"loc":{"start":{"line":224,"column":8},"end":{"line":237,"column":9}},"type":"if","locations":[{"start":{"line":224,"column":8},"end":{"line":237,"column":9}},{"start":{},"end":{}}],"line":224},"9":{"loc":{"start":{"line":249,"column":8},"end":{"line":251,"column":9}},"type":"if","locations":[{"start":{"line":249,"column":8},"end":{"line":251,"column":9}},{"start":{},"end":{}}],"line":249},"10":{"loc":{"start":{"line":253,"column":8},"end":{"line":253,"column":63}},"type":"if","locations":[{"start":{"line":253,"column":8},"end":{"line":253,"column":63}},{"start":{},"end":{}}],"line":253},"11":{"loc":{"start":{"line":269,"column":8},"end":{"line":276,"column":9}},"type":"if","locations":[{"start":{"line":269,"column":8},"end":{"line":276,"column":9}},{"start":{},"end":{}}],"line":269},"12":{"loc":{"start":{"line":283,"column":8},"end":{"line":285,"column":9}},"type":"if","locations":[{"start":{"line":283,"column":8},"end":{"line":285,"column":9}},{"start":{},"end":{}}],"line":283},"13":{"loc":{"start":{"line":287,"column":32},"end":{"line":287,"column":57}},"type":"binary-expr","locations":[{"start":{"line":287,"column":32},"end":{"line":287,"column":52}},{"start":{"line":287,"column":56},"end":{"line":287,"column":57}}],"line":287},"14":{"loc":{"start":{"line":297,"column":8},"end":{"line":299,"column":9}},"type":"if","locations":[{"start":{"line":297,"column":8},"end":{"line":299,"column":9}},{"start":{},"end":{}}],"line":297},"15":{"loc":{"start":{"line":302,"column":34},"end":{"line":302,"column":61}},"type":"binary-expr","locations":[{"start":{"line":302,"column":34},"end":{"line":302,"column":56}},{"start":{"line":302,"column":60},"end":{"line":302,"column":61}}],"line":302},"16":{"loc":{"start":{"line":319,"column":8},"end":{"line":321,"column":9}},"type":"if","locations":[{"start":{"line":319,"column":8},"end":{"line":321,"column":9}},{"start":{},"end":{}}],"line":319},"17":{"loc":{"start":{"line":323,"column":39},"end":{"line":323,"column":71}},"type":"binary-expr","locations":[{"start":{"line":323,"column":39},"end":{"line":323,"column":66}},{"start":{"line":323,"column":70},"end":{"line":323,"column":71}}],"line":323},"18":{"loc":{"start":{"line":327,"column":12},"end":{"line":329,"column":13}},"type":"if","locations":[{"start":{"line":327,"column":12},"end":{"line":329,"column":13}},{"start":{},"end":{}}],"line":327},"19":{"loc":{"start":{"line":331,"column":47},"end":{"line":331,"column":83}},"type":"binary-expr","locations":[{"start":{"line":331,"column":47},"end":{"line":331,"column":78}},{"start":{"line":331,"column":82},"end":{"line":331,"column":83}}],"line":331},"20":{"loc":{"start":{"line":341,"column":25},"end":{"line":341,"column":53}},"type":"binary-expr","locations":[{"start":{"line":341,"column":25},"end":{"line":341,"column":44}},{"start":{"line":341,"column":48},"end":{"line":341,"column":53}}],"line":341},"21":{"loc":{"start":{"line":345,"column":8},"end":{"line":347,"column":9}},"type":"if","locations":[{"start":{"line":345,"column":8},"end":{"line":347,"column":9}},{"start":{},"end":{}}],"line":345},"22":{"loc":{"start":{"line":354,"column":18},"end":{"line":354,"column":46}},"type":"binary-expr","locations":[{"start":{"line":354,"column":18},"end":{"line":354,"column":33}},{"start":{"line":354,"column":37},"end":{"line":354,"column":46}}],"line":354},"23":{"loc":{"start":{"line":358,"column":8},"end":{"line":360,"column":9}},"type":"if","locations":[{"start":{"line":358,"column":8},"end":{"line":360,"column":9}},{"start":{},"end":{}}],"line":358},"24":{"loc":{"start":{"line":362,"column":33},"end":{"line":362,"column":59}},"type":"binary-expr","locations":[{"start":{"line":362,"column":33},"end":{"line":362,"column":54}},{"start":{"line":362,"column":58},"end":{"line":362,"column":59}}],"line":362},"25":{"loc":{"start":{"line":363,"column":31},"end":{"line":363,"column":55}},"type":"binary-expr","locations":[{"start":{"line":363,"column":31},"end":{"line":363,"column":50}},{"start":{"line":363,"column":54},"end":{"line":363,"column":55}}],"line":363},"26":{"loc":{"start":{"line":375,"column":8},"end":{"line":377,"column":9}},"type":"if","locations":[{"start":{"line":375,"column":8},"end":{"line":377,"column":9}},{"start":{},"end":{}}],"line":375},"27":{"loc":{"start":{"line":379,"column":33},"end":{"line":379,"column":59}},"type":"binary-expr","locations":[{"start":{"line":379,"column":33},"end":{"line":379,"column":54}},{"start":{"line":379,"column":58},"end":{"line":379,"column":59}}],"line":379},"28":{"loc":{"start":{"line":391,"column":8},"end":{"line":393,"column":9}},"type":"if","locations":[{"start":{"line":391,"column":8},"end":{"line":393,"column":9}},{"start":{},"end":{}}],"line":391},"29":{"loc":{"start":{"line":395,"column":38},"end":{"line":395,"column":69}},"type":"binary-expr","locations":[{"start":{"line":395,"column":38},"end":{"line":395,"column":64}},{"start":{"line":395,"column":68},"end":{"line":395,"column":69}}],"line":395},"30":{"loc":{"start":{"line":398,"column":8},"end":{"line":400,"column":9}},"type":"if","locations":[{"start":{"line":398,"column":8},"end":{"line":400,"column":9}},{"start":{},"end":{}}],"line":398},"31":{"loc":{"start":{"line":403,"column":8},"end":{"line":405,"column":9}},"type":"if","locations":[{"start":{"line":403,"column":8},"end":{"line":405,"column":9}},{"start":{},"end":{}}],"line":403},"32":{"loc":{"start":{"line":408,"column":35},"end":{"line":408,"column":65}},"type":"binary-expr","locations":[{"start":{"line":408,"column":35},"end":{"line":408,"column":60}},{"start":{"line":408,"column":64},"end":{"line":408,"column":65}}],"line":408},"33":{"loc":{"start":{"line":420,"column":8},"end":{"line":422,"column":9}},"type":"if","locations":[{"start":{"line":420,"column":8},"end":{"line":422,"column":9}},{"start":{},"end":{}}],"line":420},"34":{"loc":{"start":{"line":424,"column":30},"end":{"line":424,"column":53}},"type":"binary-expr","locations":[{"start":{"line":424,"column":30},"end":{"line":424,"column":48}},{"start":{"line":424,"column":52},"end":{"line":424,"column":53}}],"line":424},"35":{"loc":{"start":{"line":439,"column":8},"end":{"line":449,"column":9}},"type":"if","locations":[{"start":{"line":439,"column":8},"end":{"line":449,"column":9}},{"start":{},"end":{}}],"line":439},"36":{"loc":{"start":{"line":456,"column":28},"end":{"line":456,"column":69}},"type":"binary-expr","locations":[{"start":{"line":456,"column":28},"end":{"line":456,"column":64}},{"start":{"line":456,"column":68},"end":{"line":456,"column":69}}],"line":456},"37":{"loc":{"start":{"line":477,"column":31},"end":{"line":477,"column":43}},"type":"default-arg","locations":[{"start":{"line":477,"column":41},"end":{"line":477,"column":43}}],"line":477},"38":{"loc":{"start":{"line":478,"column":44},"end":{"line":478,"column":55}},"type":"default-arg","locations":[{"start":{"line":478,"column":52},"end":{"line":478,"column":55}}],"line":478},"39":{"loc":{"start":{"line":482,"column":12},"end":{"line":482,"column":50}},"type":"if","locations":[{"start":{"line":482,"column":12},"end":{"line":482,"column":50}},{"start":{},"end":{}}],"line":482},"40":{"loc":{"start":{"line":482,"column":16},"end":{"line":482,"column":39}},"type":"binary-expr","locations":[{"start":{"line":482,"column":16},"end":{"line":482,"column":22}},{"start":{"line":482,"column":26},"end":{"line":482,"column":39}}],"line":482},"41":{"loc":{"start":{"line":484,"column":12},"end":{"line":494,"column":13}},"type":"if","locations":[{"start":{"line":484,"column":12},"end":{"line":494,"column":13}},{"start":{},"end":{}}],"line":484},"42":{"loc":{"start":{"line":484,"column":16},"end":{"line":484,"column":36}},"type":"binary-expr","locations":[{"start":{"line":484,"column":16},"end":{"line":484,"column":25}},{"start":{"line":484,"column":29},"end":{"line":484,"column":36}}],"line":484},"43":{"loc":{"start":{"line":485,"column":35},"end":{"line":485,"column":52}},"type":"binary-expr","locations":[{"start":{"line":485,"column":35},"end":{"line":485,"column":46}},{"start":{"line":485,"column":50},"end":{"line":485,"column":52}}],"line":485},"44":{"loc":{"start":{"line":488,"column":34},"end":{"line":488,"column":94}},"type":"cond-expr","locations":[{"start":{"line":488,"column":46},"end":{"line":488,"column":63}},{"start":{"line":488,"column":66},"end":{"line":488,"column":94}}],"line":488},"45":{"loc":{"start":{"line":489,"column":32},"end":{"line":489,"column":68}},"type":"cond-expr","locations":[{"start":{"line":489,"column":42},"end":{"line":489,"column":57}},{"start":{"line":489,"column":60},"end":{"line":489,"column":68}}],"line":489},"46":{"loc":{"start":{"line":493,"column":16},"end":{"line":493,"column":58}},"type":"if","locations":[{"start":{"line":493,"column":16},"end":{"line":493,"column":58}},{"start":{},"end":{}}],"line":493},"47":{"loc":{"start":{"line":497,"column":12},"end":{"line":497,"column":47}},"type":"if","locations":[{"start":{"line":497,"column":12},"end":{"line":497,"column":47}},{"start":{},"end":{}}],"line":497},"48":{"loc":{"start":{"line":506,"column":27},"end":{"line":506,"column":39}},"type":"default-arg","locations":[{"start":{"line":506,"column":37},"end":{"line":506,"column":39}}],"line":506},"49":{"loc":{"start":{"line":507,"column":54},"end":{"line":507,"column":65}},"type":"default-arg","locations":[{"start":{"line":507,"column":62},"end":{"line":507,"column":65}}],"line":507},"50":{"loc":{"start":{"line":511,"column":12},"end":{"line":511,"column":49}},"type":"if","locations":[{"start":{"line":511,"column":12},"end":{"line":511,"column":49}},{"start":{},"end":{}}],"line":511},"51":{"loc":{"start":{"line":512,"column":12},"end":{"line":512,"column":48}},"type":"if","locations":[{"start":{"line":512,"column":12},"end":{"line":512,"column":48}},{"start":{},"end":{}}],"line":512},"52":{"loc":{"start":{"line":512,"column":16},"end":{"line":512,"column":37}},"type":"binary-expr","locations":[{"start":{"line":512,"column":16},"end":{"line":512,"column":21}},{"start":{"line":512,"column":25},"end":{"line":512,"column":37}}],"line":512},"53":{"loc":{"start":{"line":513,"column":12},"end":{"line":513,"column":68}},"type":"if","locations":[{"start":{"line":513,"column":12},"end":{"line":513,"column":68}},{"start":{},"end":{}}],"line":513},"54":{"loc":{"start":{"line":513,"column":16},"end":{"line":513,"column":57}},"type":"binary-expr","locations":[{"start":{"line":513,"column":16},"end":{"line":513,"column":25}},{"start":{"line":513,"column":29},"end":{"line":513,"column":57}}],"line":513},"55":{"loc":{"start":{"line":515,"column":12},"end":{"line":520,"column":13}},"type":"if","locations":[{"start":{"line":515,"column":12},"end":{"line":520,"column":13}},{"start":{},"end":{}}],"line":515},"56":{"loc":{"start":{"line":515,"column":16},"end":{"line":515,"column":36}},"type":"binary-expr","locations":[{"start":{"line":515,"column":16},"end":{"line":515,"column":25}},{"start":{"line":515,"column":29},"end":{"line":515,"column":36}}],"line":515},"57":{"loc":{"start":{"line":516,"column":39},"end":{"line":516,"column":72}},"type":"binary-expr","locations":[{"start":{"line":516,"column":39},"end":{"line":516,"column":54}},{"start":{"line":516,"column":58},"end":{"line":516,"column":72}}],"line":516},"58":{"loc":{"start":{"line":517,"column":30},"end":{"line":517,"column":90}},"type":"cond-expr","locations":[{"start":{"line":517,"column":42},"end":{"line":517,"column":59}},{"start":{"line":517,"column":62},"end":{"line":517,"column":90}}],"line":517},"59":{"loc":{"start":{"line":518,"column":28},"end":{"line":518,"column":64}},"type":"cond-expr","locations":[{"start":{"line":518,"column":38},"end":{"line":518,"column":53}},{"start":{"line":518,"column":56},"end":{"line":518,"column":64}}],"line":518},"60":{"loc":{"start":{"line":519,"column":16},"end":{"line":519,"column":61}},"type":"if","locations":[{"start":{"line":519,"column":16},"end":{"line":519,"column":61}},{"start":{},"end":{}}],"line":519},"61":{"loc":{"start":{"line":523,"column":12},"end":{"line":523,"column":47}},"type":"if","locations":[{"start":{"line":523,"column":12},"end":{"line":523,"column":47}},{"start":{},"end":{}}],"line":523},"62":{"loc":{"start":{"line":532,"column":24},"end":{"line":532,"column":36}},"type":"default-arg","locations":[{"start":{"line":532,"column":34},"end":{"line":532,"column":36}}],"line":532},"63":{"loc":{"start":{"line":533,"column":44},"end":{"line":533,"column":55}},"type":"default-arg","locations":[{"start":{"line":533,"column":52},"end":{"line":533,"column":55}}],"line":533},"64":{"loc":{"start":{"line":537,"column":12},"end":{"line":537,"column":50}},"type":"if","locations":[{"start":{"line":537,"column":12},"end":{"line":537,"column":50}},{"start":{},"end":{}}],"line":537},"65":{"loc":{"start":{"line":537,"column":16},"end":{"line":537,"column":39}},"type":"binary-expr","locations":[{"start":{"line":537,"column":16},"end":{"line":537,"column":22}},{"start":{"line":537,"column":26},"end":{"line":537,"column":39}}],"line":537},"66":{"loc":{"start":{"line":539,"column":12},"end":{"line":549,"column":13}},"type":"if","locations":[{"start":{"line":539,"column":12},"end":{"line":549,"column":13}},{"start":{},"end":{}}],"line":539},"67":{"loc":{"start":{"line":539,"column":16},"end":{"line":539,"column":36}},"type":"binary-expr","locations":[{"start":{"line":539,"column":16},"end":{"line":539,"column":25}},{"start":{"line":539,"column":29},"end":{"line":539,"column":36}}],"line":539},"68":{"loc":{"start":{"line":540,"column":37},"end":{"line":540,"column":60}},"type":"binary-expr","locations":[{"start":{"line":540,"column":37},"end":{"line":540,"column":54}},{"start":{"line":540,"column":58},"end":{"line":540,"column":60}}],"line":540},"69":{"loc":{"start":{"line":543,"column":34},"end":{"line":543,"column":94}},"type":"cond-expr","locations":[{"start":{"line":543,"column":46},"end":{"line":543,"column":63}},{"start":{"line":543,"column":66},"end":{"line":543,"column":94}}],"line":543},"70":{"loc":{"start":{"line":544,"column":32},"end":{"line":544,"column":68}},"type":"cond-expr","locations":[{"start":{"line":544,"column":42},"end":{"line":544,"column":57}},{"start":{"line":544,"column":60},"end":{"line":544,"column":68}}],"line":544},"71":{"loc":{"start":{"line":548,"column":16},"end":{"line":548,"column":86}},"type":"if","locations":[{"start":{"line":548,"column":16},"end":{"line":548,"column":86}},{"start":{},"end":{}}],"line":548},"72":{"loc":{"start":{"line":548,"column":20},"end":{"line":548,"column":75}},"type":"binary-expr","locations":[{"start":{"line":548,"column":20},"end":{"line":548,"column":53}},{"start":{"line":548,"column":57},"end":{"line":548,"column":75}}],"line":548},"73":{"loc":{"start":{"line":552,"column":12},"end":{"line":552,"column":47}},"type":"if","locations":[{"start":{"line":552,"column":12},"end":{"line":552,"column":47}},{"start":{},"end":{}}],"line":552},"74":{"loc":{"start":{"line":561,"column":26},"end":{"line":561,"column":38}},"type":"default-arg","locations":[{"start":{"line":561,"column":36},"end":{"line":561,"column":38}}],"line":561},"75":{"loc":{"start":{"line":562,"column":46},"end":{"line":562,"column":57}},"type":"default-arg","locations":[{"start":{"line":562,"column":54},"end":{"line":562,"column":57}}],"line":562},"76":{"loc":{"start":{"line":566,"column":12},"end":{"line":566,"column":54}},"type":"if","locations":[{"start":{"line":566,"column":12},"end":{"line":566,"column":54}},{"start":{},"end":{}}],"line":566},"77":{"loc":{"start":{"line":566,"column":16},"end":{"line":566,"column":43}},"type":"binary-expr","locations":[{"start":{"line":566,"column":16},"end":{"line":566,"column":24}},{"start":{"line":566,"column":28},"end":{"line":566,"column":43}}],"line":566},"78":{"loc":{"start":{"line":568,"column":12},"end":{"line":578,"column":13}},"type":"if","locations":[{"start":{"line":568,"column":12},"end":{"line":578,"column":13}},{"start":{},"end":{}}],"line":568},"79":{"loc":{"start":{"line":568,"column":16},"end":{"line":568,"column":36}},"type":"binary-expr","locations":[{"start":{"line":568,"column":16},"end":{"line":568,"column":25}},{"start":{"line":568,"column":29},"end":{"line":568,"column":36}}],"line":568},"80":{"loc":{"start":{"line":569,"column":33},"end":{"line":569,"column":52}},"type":"binary-expr","locations":[{"start":{"line":569,"column":33},"end":{"line":569,"column":46}},{"start":{"line":569,"column":50},"end":{"line":569,"column":52}}],"line":569},"81":{"loc":{"start":{"line":572,"column":34},"end":{"line":572,"column":94}},"type":"cond-expr","locations":[{"start":{"line":572,"column":46},"end":{"line":572,"column":63}},{"start":{"line":572,"column":66},"end":{"line":572,"column":94}}],"line":572},"82":{"loc":{"start":{"line":573,"column":32},"end":{"line":573,"column":68}},"type":"cond-expr","locations":[{"start":{"line":573,"column":42},"end":{"line":573,"column":57}},{"start":{"line":573,"column":60},"end":{"line":573,"column":68}}],"line":573},"83":{"loc":{"start":{"line":577,"column":16},"end":{"line":577,"column":60}},"type":"if","locations":[{"start":{"line":577,"column":16},"end":{"line":577,"column":60}},{"start":{},"end":{}}],"line":577},"84":{"loc":{"start":{"line":581,"column":12},"end":{"line":581,"column":47}},"type":"if","locations":[{"start":{"line":581,"column":12},"end":{"line":581,"column":47}},{"start":{},"end":{}}],"line":581},"85":{"loc":{"start":{"line":600,"column":42},"end":{"line":600,"column":68}},"type":"binary-expr","locations":[{"start":{"line":600,"column":42},"end":{"line":600,"column":63}},{"start":{"line":600,"column":67},"end":{"line":600,"column":68}}],"line":600},"86":{"loc":{"start":{"line":605,"column":28},"end":{"line":605,"column":50}},"type":"binary-expr","locations":[{"start":{"line":605,"column":28},"end":{"line":605,"column":45}},{"start":{"line":605,"column":49},"end":{"line":605,"column":50}}],"line":605},"87":{"loc":{"start":{"line":611,"column":34},"end":{"line":611,"column":85}},"type":"cond-expr","locations":[{"start":{"line":611,"column":51},"end":{"line":611,"column":73}},{"start":{"line":611,"column":76},"end":{"line":611,"column":85}}],"line":611},"88":{"loc":{"start":{"line":646,"column":16},"end":{"line":647,"column":69}},"type":"binary-expr","locations":[{"start":{"line":646,"column":16},"end":{"line":646,"column":45}},{"start":{"line":647,"column":16},"end":{"line":647,"column":69}}],"line":646},"89":{"loc":{"start":{"line":655,"column":16},"end":{"line":656,"column":77}},"type":"binary-expr","locations":[{"start":{"line":655,"column":16},"end":{"line":655,"column":45}},{"start":{"line":656,"column":16},"end":{"line":656,"column":77}}],"line":655},"90":{"loc":{"start":{"line":659,"column":8},"end":{"line":659,"column":63}},"type":"if","locations":[{"start":{"line":659,"column":8},"end":{"line":659,"column":63}},{"start":{},"end":{}}],"line":659},"91":{"loc":{"start":{"line":659,"column":37},"end":{"line":659,"column":62}},"type":"cond-expr","locations":[{"start":{"line":659,"column":55},"end":{"line":659,"column":58}},{"start":{"line":659,"column":61},"end":{"line":659,"column":62}}],"line":659},"92":{"loc":{"start":{"line":674,"column":31},"end":{"line":674,"column":60}},"type":"binary-expr","locations":[{"start":{"line":674,"column":31},"end":{"line":674,"column":55}},{"start":{"line":674,"column":59},"end":{"line":674,"column":60}}],"line":674},"93":{"loc":{"start":{"line":675,"column":29},"end":{"line":675,"column":51}},"type":"binary-expr","locations":[{"start":{"line":675,"column":29},"end":{"line":675,"column":46}},{"start":{"line":675,"column":50},"end":{"line":675,"column":51}}],"line":675},"94":{"loc":{"start":{"line":679,"column":16},"end":{"line":681,"column":17}},"type":"if","locations":[{"start":{"line":679,"column":16},"end":{"line":681,"column":17}},{"start":{},"end":{}}],"line":679},"95":{"loc":{"start":{"line":686,"column":26},"end":{"line":686,"column":83}},"type":"cond-expr","locations":[{"start":{"line":686,"column":47},"end":{"line":686,"column":79}},{"start":{"line":686,"column":82},"end":{"line":686,"column":83}}],"line":686},"96":{"loc":{"start":{"line":687,"column":20},"end":{"line":687,"column":79}},"type":"cond-expr","locations":[{"start":{"line":687,"column":40},"end":{"line":687,"column":75}},{"start":{"line":687,"column":78},"end":{"line":687,"column":79}}],"line":687},"97":{"loc":{"start":{"line":710,"column":34},"end":{"line":710,"column":85}},"type":"cond-expr","locations":[{"start":{"line":710,"column":51},"end":{"line":710,"column":73}},{"start":{"line":710,"column":76},"end":{"line":710,"column":85}}],"line":710},"98":{"loc":{"start":{"line":716,"column":34},"end":{"line":716,"column":85}},"type":"cond-expr","locations":[{"start":{"line":716,"column":51},"end":{"line":716,"column":73}},{"start":{"line":716,"column":76},"end":{"line":716,"column":85}}],"line":716},"99":{"loc":{"start":{"line":721,"column":42},"end":{"line":721,"column":67}},"type":"binary-expr","locations":[{"start":{"line":721,"column":42},"end":{"line":721,"column":62}},{"start":{"line":721,"column":66},"end":{"line":721,"column":67}}],"line":721},"100":{"loc":{"start":{"line":725,"column":42},"end":{"line":725,"column":61}},"type":"binary-expr","locations":[{"start":{"line":725,"column":42},"end":{"line":725,"column":56}},{"start":{"line":725,"column":60},"end":{"line":725,"column":61}}],"line":725},"101":{"loc":{"start":{"line":727,"column":36},"end":{"line":727,"column":84}},"type":"cond-expr","locations":[{"start":{"line":727,"column":53},"end":{"line":727,"column":80}},{"start":{"line":727,"column":83},"end":{"line":727,"column":84}}],"line":727},"102":{"loc":{"start":{"line":731,"column":28},"end":{"line":731,"column":77}},"type":"binary-expr","locations":[{"start":{"line":731,"column":28},"end":{"line":731,"column":45}},{"start":{"line":731,"column":49},"end":{"line":731,"column":77}}],"line":731},"103":{"loc":{"start":{"line":733,"column":31},"end":{"line":733,"column":88}},"type":"cond-expr","locations":[{"start":{"line":733,"column":48},"end":{"line":733,"column":84}},{"start":{"line":733,"column":87},"end":{"line":733,"column":88}}],"line":733},"104":{"loc":{"start":{"line":760,"column":32},"end":{"line":760,"column":97}},"type":"cond-expr","locations":[{"start":{"line":760,"column":56},"end":{"line":760,"column":85}},{"start":{"line":760,"column":88},"end":{"line":760,"column":97}}],"line":760},"105":{"loc":{"start":{"line":765,"column":30},"end":{"line":765,"column":81}},"type":"cond-expr","locations":[{"start":{"line":765,"column":47},"end":{"line":765,"column":69}},{"start":{"line":765,"column":72},"end":{"line":765,"column":81}}],"line":765},"106":{"loc":{"start":{"line":769,"column":30},"end":{"line":770,"column":79}},"type":"cond-expr","locations":[{"start":{"line":770,"column":12},"end":{"line":770,"column":75}},{"start":{"line":770,"column":78},"end":{"line":770,"column":79}}],"line":769},"107":{"loc":{"start":{"line":786,"column":12},"end":{"line":790,"column":13}},"type":"if","locations":[{"start":{"line":786,"column":12},"end":{"line":790,"column":13}},{"start":{},"end":{}}],"line":786},"108":{"loc":{"start":{"line":788,"column":42},"end":{"line":788,"column":67}},"type":"binary-expr","locations":[{"start":{"line":788,"column":42},"end":{"line":788,"column":62}},{"start":{"line":788,"column":66},"end":{"line":788,"column":67}}],"line":788},"109":{"loc":{"start":{"line":810,"column":32},"end":{"line":810,"column":97}},"type":"cond-expr","locations":[{"start":{"line":810,"column":56},"end":{"line":810,"column":85}},{"start":{"line":810,"column":88},"end":{"line":810,"column":97}}],"line":810},"110":{"loc":{"start":{"line":816,"column":32},"end":{"line":816,"column":97}},"type":"cond-expr","locations":[{"start":{"line":816,"column":56},"end":{"line":816,"column":85}},{"start":{"line":816,"column":88},"end":{"line":816,"column":97}}],"line":816},"111":{"loc":{"start":{"line":820,"column":27},"end":{"line":821,"column":80}},"type":"cond-expr","locations":[{"start":{"line":821,"column":12},"end":{"line":821,"column":76}},{"start":{"line":821,"column":79},"end":{"line":821,"column":80}}],"line":820},"112":{"loc":{"start":{"line":844,"column":33},"end":{"line":844,"column":86}},"type":"cond-expr","locations":[{"start":{"line":844,"column":51},"end":{"line":844,"column":74}},{"start":{"line":844,"column":77},"end":{"line":844,"column":86}}],"line":844},"113":{"loc":{"start":{"line":850,"column":33},"end":{"line":850,"column":86}},"type":"cond-expr","locations":[{"start":{"line":850,"column":51},"end":{"line":850,"column":74}},{"start":{"line":850,"column":77},"end":{"line":850,"column":86}}],"line":850},"114":{"loc":{"start":{"line":856,"column":42},"end":{"line":856,"column":68}},"type":"binary-expr","locations":[{"start":{"line":856,"column":42},"end":{"line":856,"column":63}},{"start":{"line":856,"column":67},"end":{"line":856,"column":68}}],"line":856},"115":{"loc":{"start":{"line":860,"column":16},"end":{"line":860,"column":51}},"type":"if","locations":[{"start":{"line":860,"column":16},"end":{"line":860,"column":51}},{"start":{},"end":{}}],"line":860},"116":{"loc":{"start":{"line":868,"column":29},"end":{"line":868,"column":55}},"type":"binary-expr","locations":[{"start":{"line":868,"column":29},"end":{"line":868,"column":50}},{"start":{"line":868,"column":54},"end":{"line":868,"column":55}}],"line":868},"117":{"loc":{"start":{"line":870,"column":38},"end":{"line":870,"column":87}},"type":"cond-expr","locations":[{"start":{"line":870,"column":54},"end":{"line":870,"column":83}},{"start":{"line":870,"column":86},"end":{"line":870,"column":87}}],"line":870},"118":{"loc":{"start":{"line":917,"column":33},"end":{"line":917,"column":59}},"type":"binary-expr","locations":[{"start":{"line":917,"column":33},"end":{"line":917,"column":54}},{"start":{"line":917,"column":58},"end":{"line":917,"column":59}}],"line":917},"119":{"loc":{"start":{"line":918,"column":31},"end":{"line":918,"column":60}},"type":"binary-expr","locations":[{"start":{"line":918,"column":31},"end":{"line":918,"column":55}},{"start":{"line":918,"column":59},"end":{"line":918,"column":60}}],"line":918},"120":{"loc":{"start":{"line":921,"column":38},"end":{"line":922,"column":58}},"type":"cond-expr","locations":[{"start":{"line":922,"column":12},"end":{"line":922,"column":54}},{"start":{"line":922,"column":57},"end":{"line":922,"column":58}}],"line":921},"121":{"loc":{"start":{"line":924,"column":30},"end":{"line":925,"column":59}},"type":"cond-expr","locations":[{"start":{"line":925,"column":12},"end":{"line":925,"column":55}},{"start":{"line":925,"column":58},"end":{"line":925,"column":59}}],"line":924},"122":{"loc":{"start":{"line":945,"column":33},"end":{"line":945,"column":86}},"type":"cond-expr","locations":[{"start":{"line":945,"column":51},"end":{"line":945,"column":74}},{"start":{"line":945,"column":77},"end":{"line":945,"column":86}}],"line":945},"123":{"loc":{"start":{"line":946,"column":23},"end":{"line":946,"column":75}},"type":"binary-expr","locations":[{"start":{"line":946,"column":23},"end":{"line":946,"column":57}},{"start":{"line":946,"column":61},"end":{"line":946,"column":75}}],"line":946},"124":{"loc":{"start":{"line":951,"column":33},"end":{"line":951,"column":86}},"type":"cond-expr","locations":[{"start":{"line":951,"column":51},"end":{"line":951,"column":74}},{"start":{"line":951,"column":77},"end":{"line":951,"column":86}}],"line":951},"125":{"loc":{"start":{"line":952,"column":23},"end":{"line":952,"column":84}},"type":"binary-expr","locations":[{"start":{"line":952,"column":23},"end":{"line":952,"column":66}},{"start":{"line":952,"column":70},"end":{"line":952,"column":84}}],"line":952},"126":{"loc":{"start":{"line":955,"column":27},"end":{"line":956,"column":77}},"type":"cond-expr","locations":[{"start":{"line":956,"column":12},"end":{"line":956,"column":73}},{"start":{"line":956,"column":76},"end":{"line":956,"column":77}}],"line":955},"127":{"loc":{"start":{"line":981,"column":28},"end":{"line":981,"column":50}},"type":"binary-expr","locations":[{"start":{"line":981,"column":28},"end":{"line":981,"column":45}},{"start":{"line":981,"column":49},"end":{"line":981,"column":50}}],"line":981},"128":{"loc":{"start":{"line":983,"column":12},"end":{"line":997,"column":13}},"type":"if","locations":[{"start":{"line":983,"column":12},"end":{"line":997,"column":13}},{"start":{},"end":{}}],"line":983},"129":{"loc":{"start":{"line":987,"column":20},"end":{"line":989,"column":21}},"type":"if","locations":[{"start":{"line":987,"column":20},"end":{"line":989,"column":21}},{"start":{},"end":{}}],"line":987},"130":{"loc":{"start":{"line":990,"column":20},"end":{"line":992,"column":21}},"type":"if","locations":[{"start":{"line":990,"column":20},"end":{"line":992,"column":21}},{"start":{},"end":{}}],"line":990},"131":{"loc":{"start":{"line":993,"column":20},"end":{"line":995,"column":21}},"type":"if","locations":[{"start":{"line":993,"column":20},"end":{"line":995,"column":21}},{"start":{},"end":{}}],"line":993},"132":{"loc":{"start":{"line":1029,"column":12},"end":{"line":1039,"column":13}},"type":"if","locations":[{"start":{"line":1029,"column":12},"end":{"line":1039,"column":13}},{"start":{},"end":{}}],"line":1029},"133":{"loc":{"start":{"line":1033,"col
[...]
7,"column":40},"end":{"line":67,"column":41}},"loc":{"start":{"line":67,"column":46},"end":{"line":71,"column":5}},"line":67},"2":{"name":"(anonymous_2)","decl":{"start":{"line":74,"column":25},"end":{"line":74,"column":26}},"loc":{"start":{"line":74,"column":31},"end":{"line":78,"column":5}},"line":74},"3":{"name":"(anonymous_3)","decl":{"start":{"line":80,"column":26},"end":{"line":80,"column":27}},"loc":{"start":{"line":80,"column":32},"end":{"line":84,"column":5}},"line":80},"4":{"name":"(anonymous_4)","decl":{"start":{"line":89,"column":34},"end":{"line":89,"column":35}},"loc":{"start":{"line":89,"column":43},"end":{"line":92,"column":5}},"line":89}},"branchMap":{"0":{"loc":{"start":{"line":13,"column":18},"end":{"line":13,"column":49}},"type":"binary-expr","locations":[{"start":{"line":13,"column":18},"end":{"line":13,"column":39}},{"start":{"line":13,"column":43},"end":{"line":13,"column":49}}],"line":13},"1":{"loc":{"start":{"line":20,"column":25},"end":{"line":20,"column":116}},"type":"cond-expr","locations":[{"start":{"line":20,"column":64},"end":{"line":20,"column":110}},{"start":{"line":20,"column":113},"end":{"line":20,"column":116}}],"line":20},"2":{"loc":{"start":{"line":21,"column":29},"end":{"line":21,"column":73}},"type":"binary-expr","locations":[{"start":{"line":21,"column":29},"end":{"line":21,"column":61}},{"start":{"line":21,"column":65},"end":{"line":21,"column":73}}],"line":21},"3":{"loc":{"start":{"line":34,"column":20},"end":{"line":34,"column":58}},"type":"binary-expr","locations":[{"start":{"line":34,"column":20},"end":{"line":34,"column":50}},{"start":{"line":34,"column":54},"end":{"line":34,"column":58}}],"line":34},"4":{"loc":{"start":{"line":88,"column":0},"end":{"line":93,"column":1}},"type":"if","locations":[{"start":{"line":88,"column":0},"end":{"line":93,"column":1}},{"start":{},"end":{}}],"line":88}},"s":{"0":0,"1":0,"2":0,"3":0,"4":0,"5":0,"6":0,"7":0,"8":0,"9":0,"10":0,"11":0,"12":0,"13":0,"14":0,"15":0,"16":0,"17":0,"18":0,"19":0,"20":0,"21":0,"22":0,"23":0,"24":0,"25":0,"26":0,"27":0},"f":{"0":0,"1":0,"2":0,"3":0,"4":0},"b":{"0":[0,0],"1":[0,0],"2":[0,0],"3":[0,0],"4":[0,0]}}
,"C:\\Users\\ysoma\\OneDrive\\Documents\\Startup\\TalentSphere\\services\\analytics-service\\scripts\\generate-coverage-report.js": {"path":"C:\\Users\\ysoma\\OneDrive\\Documents\\Startup\\TalentSphere\\services\\analytics-service\\scripts\\generate-coverage-report.js","statementMap":{"0":{"start":{"line":7,"column":11},"end":{"line":7,"column":24}},"1":{"start":{"line":8,"column":13},"end":{"line":8,"column":28}},"2":{"start":{"line":9,"column":21},"end":{"line":9,"column":36}},"3":{"start":{"line":13,"column":8},"end":{"line":13,"column":63}},"4":{"start":{"line":14,"column":8},"end":{"line":14,"column":69}},"5":{"start":{"line":16,"column":8},"end":{"line":16,"column":31}},"6":{"start":{"line":20,"column":8},"end":{"line":22,"column":9}},"7":{"start":{"line":21,"column":12},"end":{"line":21,"column":62}},"8":{"start":{"line":26,"column":8},"end":{"line":47,"column":9}},"9":{"start":{"line":27,"column":33},"end":{"line":27,"column":83}},"10":{"start":{"line":29,"column":12},"end":{"line":32,"column":13}},"11":{"start":{"line":30,"column":16},"end":{"line":30,"column":86}},"12":{"start":{"line":31,"column":16},"end":{"line":31,"column":23}},"13":{"start":{"line":34,"column":29},"end":{"line":34,"column":78}},"14":{"start":{"line":35,"column":28},"end":{"line":35,"column":58}},"15":{"start":{"line":37,"column":12},"end":{"line":37,"column":45}},"16":{"start":{"line":38,"column":12},"end":{"line":38,"column":46}},"17":{"start":{"line":39,"column":12},"end":{"line":39,"column":49}},"18":{"start":{"line":41,"column":12},"end":{"line":41,"column":70}},"19":{"start":{"line":42,"column":12},"end":{"line":42,"column":85}},"20":{"start":{"line":43,"column":12},"end":{"line":43,"column":70}},"21":{"start":{"line":46,"column":12},"end":{"line":46,"column":81}},"22":{"start":{"line":51,"column":24},"end":{"line":59,"column":9}},"23":{"start":{"line":62,"column":8},"end":{"line":73,"column":11}},"24":{"start":{"line":63,"column":29},"end":{"line":63,"column":47}},"25":{"start":{"line":64,"column":32},"end":{"line":64,"column":67}},"26":{"start":{"line":66,"column":12},"end":{"line":66,"column":50}},"27":{"start":{"line":69,"column":12},"end":{"line":72,"column":15}},"28":{"start":{"line":70,"column":16},"end":{"line":70,"column":77}},"29":{"start":{"line":71,"column":16},"end":{"line":71,"column":73}},"30":{"start":{"line":76,"column":8},"end":{"line":80,"column":11}},"31":{"start":{"line":77,"column":31},"end":{"line":77,"column":52}},"32":{"start":{"line":78,"column":12},"end":{"line":79,"column":66}},"33":{"start":{"line":82,"column":8},"end":{"line":82,"column":23}},"34":{"start":{"line":86,"column":24},"end":{"line":91,"column":9}},"35":{"start":{"line":94,"column":8},"end":{"line":99,"column":9}},"36":{"start":{"line":95,"column":12},"end":{"line":98,"column":15}},"37":{"start":{"line":96,"column":16},"end":{"line":96,"column":43}},"38":{"start":{"line":97,"column":16},"end":{"line":97,"column":59}},"39":{"start":{"line":97,"column":30},"end":{"line":97,"column":59}},"40":{"start":{"line":102,"column":8},"end":{"line":107,"column":9}},"41":{"start":{"line":103,"column":12},"end":{"line":106,"column":15}},"42":{"start":{"line":104,"column":16},"end":{"line":104,"column":56}},"43":{"start":{"line":105,"column":16},"end":{"line":105,"column":81}},"44":{"start":{"line":105,"column":65},"end":{"line":105,"column":72}},"45":{"start":{"line":110,"column":8},"end":{"line":115,"column":9}},"46":{"start":{"line":111,"column":12},"end":{"line":114,"column":15}},"47":{"start":{"line":112,"column":16},"end":{"line":112,"column":42}},"48":{"start":{"line":113,"column":16},"end":{"line":113,"column":58}},"49":{"start":{"line":113,"column":30},"end":{"line":113,"column":58}},"50":{"start":{"line":118,"column":8},"end":{"line":123,"column":9}},"51":{"start":{"line":119,"column":12},"end":{"line":122,"column":15}},"52":{"start":{"line":120,"column":16},"end":{"line":120,"column":38}},"53":{"start":{"line":121,"column":16},"end":{"line":121,"column":54}},"54":{"start":{"line":121,"column":30},"end":{"line":121,"column":54}},"55":{"start":{"line":126,"column":8},"end":{"line":130,"column":11}},"56":{"start":{"line":127,"column":31},"end":{"line":127,"column":46}},"57":{"start":{"line":128,"column":12},"end":{"line":129,"column":66}},"58":{"start":{"line":132,"column":8},"end":{"line":132,"column":23}},"59":{"start":{"line":136,"column":23},"end":{"line":143,"column":9}},"60":{"start":{"line":139,"column":63},"end":{"line":142,"column":13}},"61":{"start":{"line":145,"column":27},"end":{"line":145,"column":77}},"62":{"start":{"line":146,"column":8},"end":{"line":146,"column":70}},"63":{"start":{"line":150,"column":25},"end":{"line":150,"column":42}},"64":{"start":{"line":151,"column":22},"end":{"line":151,"column":53}},"65":{"start":{"line":153,"column":20},"end":{"line":174,"column":14}},"66":{"start":{"line":176,"column":8},"end":{"line":176,"column":79}},"67":{"start":{"line":180,"column":8},"end":{"line":180,"column":42}},"68":{"start":{"line":180,"column":28},"end":{"line":180,"column":42}},"69":{"start":{"line":181,"column":8},"end":{"line":181,"column":45}},"70":{"start":{"line":181,"column":28},"end":{"line":181,"column":45}},"71":{"start":{"line":182,"column":8},"end":{"line":182,"column":25}},"72":{"start":{"line":186,"column":25},"end":{"line":225,"column":16}},"73":{"start":{"line":207,"column":17},"end":{"line":207,"column":40}},"74":{"start":{"line":208,"column":21},"end":{"line":208,"column":39}},"75":{"start":{"line":209,"column":4},"end":{"line":209,"column":169}},"76":{"start":{"line":227,"column":8},"end":{"line":227,"column":77}},"77":{"start":{"line":231,"column":8},"end":{"line":231,"column":50}},"78":{"start":{"line":231,"column":28},"end":{"line":231,"column":50}},"79":{"start":{"line":232,"column":8},"end":{"line":232,"column":45}},"80":{"start":{"line":232,"column":28},"end":{"line":232,"column":45}},"81":{"start":{"line":233,"column":8},"end":{"line":233,"column":38}},"82":{"start":{"line":237,"column":8},"end":{"line":240,"column":18}},"83":{"start":{"line":238,"column":29},"end":{"line":238,"column":43}},"84":{"start":{"line":239,"column":12},"end":{"line":239,"column":69}},"85":{"start":{"line":244,"column":32},"end":{"line":244,"column":34}},"86":{"start":{"line":245,"column":33},"end":{"line":247,"column":55}},"87":{"start":{"line":246,"column":35},"end":{"line":246,"column":54}},"88":{"start":{"line":247,"column":36},"end":{"line":247,"column":54}},"89":{"start":{"line":249,"column":8},"end":{"line":251,"column":9}},"90":{"start":{"line":250,"column":12},"end":{"line":250,"column":84}},"91":{"start":{"line":253,"column":8},"end":{"line":255,"column":9}},"92":{"start":{"line":254,"column":12},"end":{"line":254,"column":110}},"93":{"start":{"line":257,"column":8},"end":{"line":259,"column":9}},"94":{"start":{"line":258,"column":12},"end":{"line":258,"column":94}},"95":{"start":{"line":261,"column":8},"end":{"line":263,"column":9}},"96":{"start":{"line":262,"column":12},"end":{"line":262,"column":77}},"97":{"start":{"line":265,"column":8},"end":{"line":265,"column":42}},"98":{"start":{"line":270,"column":0},"end":{"line":273,"column":1}},"99":{"start":{"line":271,"column":21},"end":{"line":271,"column":43}},"100":{"start":{"line":272,"column":4},"end":{"line":272,"column":39}},"101":{"start":{"line":275,"column":0},"end":{"line":275,"column":34}}},"fnMap":{"0":{"name":"(anonymous_0)","decl":{"start":{"line":12,"column":4},"end":{"line":12,"column":5}},"loc":{"start":{"line":12,"column":18},"end":{"line":17,"column":5}},"line":12},"1":{"name":"(anonymous_1)","decl":{"start":{"line":19,"column":4},"end":{"line":19,"column":5}},"loc":{"start":{"line":19,"column":22},"end":{"line":23,"column":5}},"line":19},"2":{"name":"(anonymous_2)","decl":{"start":{"line":25,"column":4},"end":{"line":25,"column":5}},"loc":{"start":{"line":25,"column":30},"end":{"line":48,"column":5}},"line":25},"3":{"name":"(anonymous_3)","decl":{"start":{"line":50,"column":4},"end":{"line":50,"column":5}},"loc":{"start":{"line":50,"column":30},"end":{"line":83,"column":5}},"line":50},"4":{"name":"(anonymous_4)","decl":{"start":{"line":62,"column":38},"end":{"line":62,"column":39}},"loc":{"start":{"line":62,"column":50},"end":{"line":73,"column":9}},"line":62},"5":{"name":"(anonymous_5)","decl":{"start":{"line":69,"column":47},"end":{"line":69,"column":48}},"loc":{"start":{"line":69,"column":57},"end":{"line":72,"column":13}},"line":69},"6":{"name":"(anonymous_6)","decl":{"start":{"line":76,"column":43},"end":{"line":76,"column":44}},"loc":{"start":{"line":76,"column":53},"end":{"line":80,"column":9}},"line":76},"7":{"name":"(anonymous_7)","decl":{"start":{"line":85,"column":4},"end":{"line":85,"column":5}},"loc":{"start":{"line":85,"column":35},"end":{"line":133,"column":5}},"line":85},"8":{"name":"(anonymous_8)","decl":{"start":{"line":95,"column":46},"end":{"line":95,"column":47}},"loc":{"start":{"line":95,"column":54},"end":{"line":98,"column":13}},"line":95},"9":{"name":"(anonymous_9)","decl":{"start":{"line":103,"column":46},"end":{"line":103,"column":47}},"loc":{"start":{"line":103,"column":56},"end":{"line":106,"column":13}},"line":103},"10":{"name":"(anonymous_10)","decl":{"start":{"line":105,"column":58},"end":{"line":105,"column":59}},"loc":{"start":{"line":105,"column":65},"end":{"line":105,"column":72}},"line":105},"11":{"name":"(anonymous_11)","decl":{"start":{"line":111,"column":46},"end":{"line":111,"column":47}},"loc":{"start":{"line":111,"column":54},"end":{"line":114,"column":13}},"line":111},"12":{"name":"(anonymous_12)","decl":{"start":{"line":119,"column":46},"end":{"line":119,"column":47}},"loc":{"start":{"line":119,"column":54},"end":{"line":122,"column":13}},"line":119},"13":{"name":"(anonymous_13)","decl":{"start":{"line":126,"column":37},"end":{"line":126,"column":38}},"loc":{"start":{"line":126,"column":47},"end":{"line":130,"column":9}},"line":126},"14":{"name":"(anonymous_14)","decl":{"start":{"line":135,"column":4},"end":{"line":135,"column":5}},"loc":{"start":{"line":135,"column":32},"end":{"line":147,"column":5}},"line":135},"15":{"name":"(anonymous_15)","decl":{"start":{"line":139,"column":50},"end":{"line":139,"column":51}},"loc":{"start":{"line":139,"column":63},"end":{"line":142,"column":13}},"line":139},"16":{"name":"(anonymous_16)","decl":{"start":{"line":149,"column":4},"end":{"line":149,"column":5}},"loc":{"start":{"line":149,"column":27},"end":{"line":177,"column":5}},"line":149},"17":{"name":"(anonymous_17)","decl":{"start":{"line":179,"column":4},"end":{"line":179,"column":5}},"loc":{"start":{"line":179,"column":31},"end":{"line":183,"column":5}},"line":179},"18":{"name":"(anonymous_18)","decl":{"start":{"line":185,"column":4},"end":{"line":185,"column":5}},"loc":{"start":{"line":185,"column":36},"end":{"line":228,"column":5}},"line":185},"19":{"name":"(anonymous_19)","decl":{"start":{"line":206,"column":33},"end":{"line":206,"column":34}},"loc":{"start":{"line":206,"column":45},"end":{"line":210,"column":1}},"line":206},"20":{"name":"(anonymous_20)","decl":{"start":{"line":230,"column":4},"end":{"line":230,"column":5}},"loc":{"start":{"line":230,"column":32},"end":{"line":234,"column":5}},"line":230},"21":{"name":"(anonymous_21)","decl":{"start":{"line":236,"column":4},"end":{"line":236,"column":5}},"loc":{"start":{"line":236,"column":69},"end":{"line":241,"column":5}},"line":236},"22":{"name":"(anonymous_22)","decl":{"start":{"line":237,"column":43},"end":{"line":237,"column":44}},"loc":{"start":{"line":237,"column":51},"end":{"line":240,"column":9}},"line":237},"23":{"name":"(anonymous_23)","decl":{"start":{"line":243,"column":4},"end":{"line":243,"column":5}},"loc":{"start":{"line":243,"column":37},"end":{"line":266,"column":5}},"line":243},"24":{"name":"(anonymous_24)","decl":{"start":{"line":246,"column":20},"end":{"line":246,"column":21}},"loc":{"start":{"line":246,"column":35},"end":{"line":246,"column":54}},"line":246},"25":{"name":"(anonymous_25)","decl":{"start":{"line":247,"column":17},"end":{"line":247,"column":18}},"loc":{"start":{"line":247,"column":36},"end":{"line":247,"column":54}},"line":247}},"branchMap":{"0":{"loc":{"start":{"line":20,"column":8},"end":{"line":22,"column":9}},"type":"if","locations":[{"start":{"line":20,"column":8},"end":{"line":22,"column":9}},{"start":{},"end":{}}],"line":20},"1":{"loc":{"start":{"line":29,"column":12},"end":{"line":32,"column":13}},"type":"if","locations":[{"start":{"line":29,"column":12},"end":{"line":32,"column":13}},{"start":{},"end":{}}],"line":29},"2":{"loc":{"start":{"line":78,"column":29},"end":{"line":79,"column":65}},"type":"cond-expr","locations":[{"start":{"line":79,"column":16},"end":{"line":79,"column":61}},{"start":{"line":79,"column":64},"end":{"line":79,"column":65}}],"line":78},"3":{"loc":{"start":{"line":94,"column":8},"end":{"line":99,"column":9}},"type":"if","locations":[{"start":{"line":94,"column":8},"end":{"line":99,"column":9}},{"start":{},"end":{}}],"line":94},"4":{"loc":{"start":{"line":97,"column":16},"end":{"line":97,"column":59}},"type":"if","locations":[{"start":{"line":97,"column":16},"end":{"line":97,"column":59}},{"start":{},"end":{}}],"line":97},"5":{"loc":{"start":{"line":102,"column":8},"end":{"line":107,"column":9}},"type":"if","locations":[{"start":{"line":102,"column":8},"end":{"line":107,"column":9}},{"start":{},"end":{}}],"line":102},"6":{"loc":{"start":{"line":110,"column":8},"end":{"line":115,"column":9}},"type":"if","locations":[{"start":{"line":110,"column":8},"end":{"line":115,"column":9}},{"start":{},"end":{}}],"line":110},"7":{"loc":{"start":{"line":113,"column":16},"end":{"line":113,"column":58}},"type":"if","locations":[{"start":{"line":113,"column":16},"end":{"line":113,"column":58}},{"start":{},"end":{}}],"line":113},"8":{"loc":{"start":{"line":118,"column":8},"end":{"line":123,"column":9}},"type":"if","locations":[{"start":{"line":118,"column":8},"end":{"line":123,"column":9}},{"start":{},"end":{}}],"line":118},"9":{"loc":{"start":{"line":121,"column":16},"end":{"line":121,"column":54}},"type":"if","locations":[{"start":{"line":121,"column":16},"end":{"line":121,"column":54}},{"start":{},"end":{}}],"line":121},"10":{"loc":{"start":{"line":128,"column":29},"end":{"line":129,"column":65}},"type":"cond-expr","locations":[{"start":{"line":129,"column":16},"end":{"line":129,"column":61}},{"start":{"line":129,"column":64},"end":{"line":129,"column":65}}],"line":128},"11":{"loc":{"start":{"line":180,"column":8},"end":{"line":180,"column":42}},"type":"if","locations":[{"start":{"line":180,"column":8},"end":{"line":180,"column":42}},{"start":{},"end":{}}],"line":180},"12":{"loc":{"start":{"line":181,"column":8},"end":{"line":181,"column":45}},"type":"if","locations":[{"start":{"line":181,"column":8},"end":{"line":181,"column":45}},{"start":{},"end":{}}],"line":181},"13":{"loc":{"start":{"line":231,"column":8},"end":{"line":231,"column":50}},"type":"if","locations":[{"start":{"line":231,"column":8},"end":{"line":231,"column":50}},{"start":{},"end":{}}],"line":231},"14":{"loc":{"start":{"line":232,"column":8},"end":{"line":232,"column":45}},"type":"if","locations":[{"start":{"line":232,"column":8},"end":{"line":232,"column":45}},{"start":{},"end":{}}],"line":232},"15":{"loc":{"start":{"line":236,"column":45},"end":{"line":236,"column":67}},"type":"default-arg","locations":[{"start":{"line":236,"column":59},"end":{"line":236,"column":67}}],"line":236},"16":{"loc":{"start":{"line":239,"column":19},"end":{"line":239,"column":68}},"type":"binary-expr","locations":[{"start":{"line":239,"column":19},"end":{"line":239,"column":42}},{"start":{"line":239,"column":46},"end":{"line":239,"column":68}}],"line":239},"17":{"loc":{"start":{"line":249,"column":8},"end":{"line":251,"column":9}},"type":"if","locations":[{"start":{"line":249,"column":8},"end":{"line":251,"column":9}},{"start":{},"end":{}}],"line":249},"18":{"loc":{"start":{"line":253,"column":8},"end":{"line":255,"column":9}},"type":"if","locations":[{"start":{"line":253,"column":8},"end":{"line":255,"column":9}},{"start":{},"end":{}}],"line":253},"19":{"loc":{"start":{"line":257,"column":8},"end":{"line":259,"column":9}},"type":"if","locations":[{"start":{"line":257,"column":8},"end":{"line":259,"column":9}},{"start":{},"end":{}}],"line":257},"20":{"loc":{"start":{"line":261,"column":8},"end":{"line":263,"column":9}},"type":"if","locations":[{"start":{"line":261,"column":8},"end":{"line":263,"column":9}},{"start":{},"end":{}}],"line":261},"21":{"loc":{"start":{"line":270,"column":0},"end":{"line":273,"column":1}},"type":"if","locations":[{"start":{"line":270,"column":0},"end":{"line":273,"column":1}},{"start":{},"end":{}}],"line":270}},"s":{"0":0,"1":0,"2":0,"3":0,"4":0,"5":0,"6":0,"7":0,"8":0,"9":0,"10":0,"11":0,"12":0,"13":0,"14":0,"15":0,"16":0,"17":0,"18":0,"19":0,"20":0,"21":0,"22":0,"23":0,"24":0,"25":0,"26":0,"27":0,"28":0,"29":0,"30":0,"31":0,"32":0,"33":0,"34":0,"35":0,"36":0,"37":0,"38":0,"39":0,"40":0,"41":0,"42":0,"43":0,"44":0,"45":0,"46":0,"47":0,"48":0,"49":0,"50":0,"51":0,"52":0,"53":0,"54":0,"55":0,"56":0,"57":0,"58":0,"59":0,"60":0,"61":0,"62":0,"63":0,"64":0,"65":0,"66":0,"67":0,"68":0,"69":0,"70":0,"71":0,"72":0,"73":0,"74":0,"75":0,"76":0,"77":0,"78":0,"79":0,"80":0,"81":0,"82":0,"83":0,"84":0,"85":0,"86":0,"87":0,"88":0,"89":0,"90":0,"91":0,"92":0,"93":0,"94":0,"95":0,"96":0,"97":0,"98":0,"99":0,"100":0,"101":0},"f":{"0":0,"1":0,"2":0,"3":0,"4":0,"5":0,"6":0,"7":0,"8":0,"9":0,"10":0,"11":0,"12":0,"13":0,"14":0,"15":0,"16":0,"17":0,"18":0,"19":0,"20":0,"21":0,"22":0,"23":0,"24":0,"25":0},"b":{"0":[0,0],"1":[0,0],"2":[0,0],"3":[0,0],"4":[0,0],"5":[0,0],"6":[0,0],"7":[0,0],"8":[0,0],"9":[0,0],"10":[0,0],"11":[0,0],"12":[0,0],"13":[0,0],"14":[0,0],"15":[0],"16":[0,0],"17":[0,0],"18":[0,0],"19":[0,0],"20":[0,0],"21":[0,0]}}
}
