TN:
SF:analytics-service.js
FN:10,(anonymous_0)
FN:50,(anonymous_1)
FN:63,(anonymous_2)
FN:85,(anonymous_3)
FN:134,(anonymous_4)
FN:161,(anonymous_5)
FN:186,(anonymous_6)
FN:219,(anonymous_7)
FN:264,(anonymous_8)
FN:293,(anonymous_9)
FN:312,(anonymous_10)
FN:326,(anonymous_11)
FN:338,(anonymous_12)
FN:369,(anonymous_13)
FN:385,(anonymous_14)
FN:414,(anonymous_15)
FN:431,(anonymous_16)
FN:469,(anonymous_17)
FN:477,(anonymous_18)
FN:486,(anonymous_19)
FN:506,(anonymous_20)
FN:532,(anonymous_21)
FN:541,(anonymous_22)
FN:561,(anonymous_23)
FN:570,(anonymous_24)
FN:590,(anonymous_25)
FN:598,(anonymous_26)
FN:600,(anonymous_27)
FN:610,(anonymous_28)
FN:617,(anonymous_29)
FN:643,(anonymous_30)
FN:645,(anonymous_31)
FN:654,(anonymous_32)
FN:667,(anonymous_33)
FN:701,(anonymous_34)
FN:709,(anonymous_35)
FN:715,(anonymous_36)
FN:721,(anonymous_37)
FN:725,(anonymous_38)
FN:731,(anonymous_39)
FN:755,(anonymous_40)
FN:759,(anonymous_41)
FN:764,(anonymous_42)
FN:782,(anonymous_43)
FN:795,(anonymous_44)
FN:797,(anonymous_45)
FN:803,(anonymous_46)
FN:809,(anonymous_47)
FN:815,(anonymous_48)
FN:833,(anonymous_49)
FN:840,(anonymous_50)
FN:843,(anonymous_51)
FN:849,(anonymous_52)
FN:856,(anonymous_53)
FN:859,(anonymous_54)
FN:861,(anonymous_55)
FN:868,(anonymous_56)
FN:895,(anonymous_57)
FN:910,(anonymous_58)
FN:938,(anonymous_59)
FN:944,(anonymous_60)
FN:950,(anonymous_61)
FN:968,(anonymous_62)
FN:984,(anonymous_63)
FN:1020,(anonymous_64)
FN:1030,(anonymous_65)
FN:1055,(anonymous_66)
FN:1069,(anonymous_67)
FN:1072,(anonymous_68)
FN:1073,(anonymous_69)
FN:1082,(anonymous_70)
FN:1102,(anonymous_71)
FN:1121,(anonymous_72)
FN:1130,(anonymous_73)
FN:1145,(anonymous_74)
FN:1185,(anonymous_75)
FN:1199,(anonymous_76)
FN:1212,(anonymous_77)
FNF:78
FNH:32
FNDA:20,(anonymous_0)
FNDA:20,(anonymous_1)
FNDA:212,(anonymous_2)
FNDA:212,(anonymous_3)
FNDA:2,(anonymous_4)
FNDA:6,(anonymous_5)
FNDA:5,(anonymous_6)
FNDA:4,(anonymous_7)
FNDA:3,(anonymous_8)
FNDA:0,(anonymous_9)
FNDA:0,(anonymous_10)
FNDA:0,(anonymous_11)
FNDA:4,(anonymous_12)
FNDA:1,(anonymous_13)
FNDA:2,(anonymous_14)
FNDA:179,(anonymous_15)
FNDA:1,(anonymous_16)
FNDA:5,(anonymous_17)
FNDA:6,(anonymous_18)
FNDA:0,(anonymous_19)
FNDA:2,(anonymous_20)
FNDA:2,(anonymous_21)
FNDA:0,(anonymous_22)
FNDA:1,(anonymous_23)
FNDA:0,(anonymous_24)
FNDA:2,(anonymous_25)
FNDA:2,(anonymous_26)
FNDA:2,(anonymous_27)
FNDA:4,(anonymous_28)
FNDA:8,(anonymous_29)
FNDA:6,(anonymous_30)
FNDA:24,(anonymous_31)
FNDA:24,(anonymous_32)
FNDA:2,(anonymous_33)
FNDA:0,(anonymous_34)
FNDA:0,(anonymous_35)
FNDA:0,(anonymous_36)
FNDA:0,(anonymous_37)
FNDA:0,(anonymous_38)
FNDA:0,(anonymous_39)
FNDA:0,(anonymous_40)
FNDA:0,(anonymous_41)
FNDA:0,(anonymous_42)
FNDA:0,(anonymous_43)
FNDA:0,(anonymous_44)
FNDA:0,(anonymous_45)
FNDA:0,(anonymous_46)
FNDA:0,(anonymous_47)
FNDA:0,(anonymous_48)
FNDA:0,(anonymous_49)
FNDA:0,(anonymous_50)
FNDA:0,(anonymous_51)
FNDA:0,(anonymous_52)
FNDA:0,(anonymous_53)
FNDA:0,(anonymous_54)
FNDA:0,(anonymous_55)
FNDA:0,(anonymous_56)
FNDA:0,(anonymous_57)
FNDA:0,(anonymous_58)
FNDA:0,(anonymous_59)
FNDA:0,(anonymous_60)
FNDA:0,(anonymous_61)
FNDA:0,(anonymous_62)
FNDA:0,(anonymous_63)
FNDA:0,(anonymous_64)
FNDA:0,(anonymous_65)
FNDA:0,(anonymous_66)
FNDA:0,(anonymous_67)
FNDA:0,(anonymous_68)
FNDA:0,(anonymous_69)
FNDA:0,(anonymous_70)
FNDA:0,(anonymous_71)
FNDA:0,(anonymous_72)
FNDA:0,(anonymous_73)
FNDA:9,(anonymous_74)
FNDA:4,(anonymous_75)
FNDA:153,(anonymous_76)
FNDA:153,(anonymous_77)
DA:6,3
DA:7,3
DA:11,20
DA:44,20
DA:52,20
DA:53,20
DA:54,20
DA:55,20
DA:56,20
DA:57,20
DA:64,212
DA:74,212
DA:77,212
DA:79,212
DA:86,212
DA:88,2
DA:89,2
DA:91,6
DA:92,6
DA:94,5
DA:95,5
DA:97,4
DA:98,4
DA:100,3
DA:101,3
DA:103,0
DA:104,0
DA:106,0
DA:107,0
DA:109,4
DA:110,4
DA:112,1
DA:113,1
DA:115,2
DA:116,2
DA:118,179
DA:119,179
DA:121,1
DA:122,1
DA:124,5
DA:128,212
DA:135,2
DA:136,2
DA:138,2
DA:139,2
DA:149,2
DA:150,2
DA:151,2
DA:152,2
DA:162,6
DA:163,6
DA:165,6
DA:166,6
DA:174,6
DA:175,6
DA:176,6
DA:177,6
DA:187,5
DA:188,5
DA:189,5
DA:191,5
DA:192,5
DA:206,5
DA:207,5
DA:208,5
DA:209,5
DA:213,5
DA:220,4
DA:221,4
DA:222,4
DA:224,4
DA:225,1
DA:239,4
DA:240,4
DA:241,4
DA:246,4
DA:249,4
DA:250,1
DA:252,4
DA:253,4
DA:254,4
DA:265,3
DA:266,3
DA:267,3
DA:269,3
DA:270,2
DA:278,3
DA:279,3
DA:280,3
DA:283,3
DA:284,3
DA:286,3
DA:287,3
DA:294,0
DA:295,0
DA:297,0
DA:298,0
DA:301,0
DA:302,0
DA:303,0
DA:313,0
DA:314,0
DA:315,0
DA:316,0
DA:319,0
DA:320,0
DA:322,0
DA:323,0
DA:326,0
DA:327,0
DA:328,0
DA:330,0
DA:331,0
DA:339,4
DA:340,4
DA:341,4
DA:342,4
DA:345,4
DA:346,4
DA:348,4
DA:349,4
DA:350,4
DA:358,4
DA:359,2
DA:361,4
DA:362,4
DA:363,4
DA:370,1
DA:371,1
DA:372,1
DA:375,1
DA:376,1
DA:378,1
DA:379,1
DA:386,2
DA:387,2
DA:388,2
DA:391,2
DA:392,0
DA:394,2
DA:395,2
DA:398,2
DA:399,2
DA:401,2
DA:402,2
DA:403,2
DA:404,2
DA:406,2
DA:407,2
DA:408,2
DA:415,179
DA:416,179
DA:417,179
DA:420,179
DA:421,29
DA:423,179
DA:424,179
DA:425,179
DA:432,1
DA:433,1
DA:434,1
DA:435,1
DA:436,1
DA:439,1
DA:440,1
DA:451,1
DA:452,1
DA:453,1
DA:454,1
DA:456,1
DA:457,1
DA:459,1
DA:471,5
DA:478,6
DA:479,6
DA:481,6
DA:482,6
DA:484,5
DA:485,0
DA:486,0
DA:487,0
DA:488,0
DA:489,0
DA:490,0
DA:493,0
DA:496,5
DA:497,5
DA:500,6
DA:507,2
DA:508,2
DA:510,2
DA:511,3
DA:512,2
DA:513,2
DA:515,2
DA:516,0
DA:517,0
DA:518,0
DA:519,0
DA:522,2
DA:523,2
DA:526,2
DA:533,2
DA:534,2
DA:536,2
DA:537,2
DA:539,1
DA:540,0
DA:541,0
DA:542,0
DA:543,0
DA:544,0
DA:545,0
DA:548,0
DA:551,1
DA:552,1
DA:555,2
DA:562,1
DA:563,1
DA:565,1
DA:566,1
DA:568,1
DA:569,0
DA:570,0
DA:571,0
DA:572,0
DA:573,0
DA:574,0
DA:577,0
DA:580,1
DA:581,1
DA:584,1
DA:591,2
DA:592,2
DA:593,2
DA:596,2
DA:597,2
DA:598,2
DA:599,2
DA:600,2
DA:603,2
DA:604,2
DA:605,5
DA:609,2
DA:611,4
DA:612,4
DA:616,2
DA:617,8
DA:620,2
DA:644,6
DA:646,24
DA:650,6
DA:651,6
DA:653,6
DA:655,24
DA:659,6
DA:661,1
DA:668,2
DA:669,2
DA:670,2
DA:671,2
DA:673,2
DA:674,0
DA:675,0
DA:678,0
DA:679,0
DA:680,0
DA:685,2
DA:686,2
DA:687,2
DA:689,2
DA:702,0
DA:703,0
DA:704,0
DA:707,0
DA:708,0
DA:710,0
DA:711,0
DA:714,0
DA:716,0
DA:717,0
DA:720,0
DA:721,0
DA:724,0
DA:725,0
DA:727,0
DA:730,0
DA:731,0
DA:733,0
DA:735,0
DA:757,0
DA:758,0
DA:760,0
DA:761,0
DA:764,0
DA:765,0
DA:766,0
DA:769,0
DA:772,0
DA:783,0
DA:785,0
DA:786,0
DA:787,0
DA:788,0
DA:794,0
DA:795,0
DA:797,0
DA:804,0
DA:805,0
DA:806,0
DA:808,0
DA:810,0
DA:811,0
DA:814,0
DA:816,0
DA:817,0
DA:820,0
DA:823,0
DA:834,0
DA:835,0
DA:836,0
DA:839,0
DA:840,0
DA:842,0
DA:844,0
DA:845,0
DA:848,0
DA:850,0
DA:851,0
DA:855,0
DA:856,0
DA:858,0
DA:860,0
DA:861,0
DA:862,0
DA:867,0
DA:868,0
DA:870,0
DA:873,0
DA:875,0
DA:898,0
DA:912,0
DA:913,0
DA:914,0
DA:916,0
DA:917,0
DA:918,0
DA:921,0
DA:924,0
DA:927,0
DA:939,0
DA:940,0
DA:941,0
DA:943,0
DA:945,0
DA:946,0
DA:949,0
DA:951,0
DA:952,0
DA:955,0
DA:958,0
DA:970,0
DA:971,0
DA:972,0
DA:973,0
DA:975,0
DA:976,0
DA:977,0
DA:978,0
DA:980,0
DA:981,0
DA:983,0
DA:984,0
DA:985,0
DA:987,0
DA:988,0
DA:990,0
DA:991,0
DA:993,0
DA:994,0
DA:1001,0
DA:1003,0
DA:1021,0
DA:1022,0
DA:1023,0
DA:1025,0
DA:1026,0
DA:1028,0
DA:1029,0
DA:1030,0
DA:1031,0
DA:1033,0
DA:1034,0
DA:1035,0
DA:1036,0
DA:1042,0
DA:1045,0
DA:1058,0
DA:1071,0
DA:1072,0
DA:1073,0
DA:1076,0
DA:1083,0
DA:1085,0
DA:1087,0
DA:1089,0
DA:1091,0
DA:1093,0
DA:1095,0
DA:1103,0
DA:1105,0
DA:1107,0
DA:1109,0
DA:1112,0
DA:1114,0
DA:1124,0
DA:1131,0
DA:1146,9
DA:1147,9
DA:1156,9
DA:1157,199
DA:1158,0
DA:1159,0
DA:1164,9
DA:1165,35
DA:1166,0
DA:1167,0
DA:1172,9
DA:1173,8
DA:1174,0
DA:1175,0
DA:1179,9
DA:1186,4
DA:1187,4
DA:1195,4
DA:1196,4
DA:1198,4
DA:1200,153
DA:1201,153
DA:1205,4
DA:1206,4
DA:1207,20
DA:1208,20
DA:1209,20
DA:1212,4
DA:1213,153
DA:1214,153
DA:1215,0
DA:1219,4
DA:1229,3
LF:450
LH:242
BRDA:10,0,0,12
BRDA:13,1,0,20
BRDA:13,1,1,12
BRDA:16,2,0,20
BRDA:16,2,1,12
BRDA:63,3,0,184
BRDA:86,4,0,2
BRDA:86,4,1,6
BRDA:86,4,2,5
BRDA:86,4,3,4
BRDA:86,4,4,3
BRDA:86,4,5,0
BRDA:86,4,6,0
BRDA:86,4,7,4
BRDA:86,4,8,1
BRDA:86,4,9,2
BRDA:86,4,10,179
BRDA:86,4,11,1
BRDA:86,4,12,5
BRDA:138,5,0,2
BRDA:138,5,1,0
BRDA:165,6,0,6
BRDA:165,6,1,0
BRDA:191,7,0,5
BRDA:191,7,1,0
BRDA:224,8,0,1
BRDA:224,8,1,3
BRDA:249,9,0,1
BRDA:249,9,1,3
BRDA:253,10,0,3
BRDA:253,10,1,1
BRDA:269,11,0,2
BRDA:269,11,1,1
BRDA:283,12,0,3
BRDA:283,12,1,0
BRDA:287,13,0,3
BRDA:287,13,1,3
BRDA:297,14,0,0
BRDA:297,14,1,0
BRDA:302,15,0,0
BRDA:302,15,1,0
BRDA:319,16,0,0
BRDA:319,16,1,0
BRDA:323,17,0,0
BRDA:323,17,1,0
BRDA:327,18,0,0
BRDA:327,18,1,0
BRDA:331,19,0,0
BRDA:331,19,1,0
BRDA:341,20,0,4
BRDA:341,20,1,3
BRDA:345,21,0,4
BRDA:345,21,1,0
BRDA:354,22,0,4
BRDA:354,22,1,1
BRDA:358,23,0,2
BRDA:358,23,1,2
BRDA:362,24,0,4
BRDA:362,24,1,4
BRDA:363,25,0,4
BRDA:363,25,1,4
BRDA:375,26,0,1
BRDA:375,26,1,0
BRDA:379,27,0,1
BRDA:379,27,1,1
BRDA:391,28,0,0
BRDA:391,28,1,2
BRDA:395,29,0,2
BRDA:395,29,1,2
BRDA:398,30,0,2
BRDA:398,30,1,0
BRDA:403,31,0,2
BRDA:403,31,1,0
BRDA:408,32,0,2
BRDA:408,32,1,2
BRDA:420,33,0,29
BRDA:420,33,1,150
BRDA:424,34,0,179
BRDA:424,34,1,29
BRDA:439,35,0,1
BRDA:439,35,1,0
BRDA:456,36,0,1
BRDA:456,36,1,1
BRDA:477,37,0,0
BRDA:478,38,0,6
BRDA:482,39,0,1
BRDA:482,39,1,5
BRDA:482,40,0,6
BRDA:482,40,1,6
BRDA:484,41,0,0
BRDA:484,41,1,5
BRDA:484,42,0,5
BRDA:484,42,1,5
BRDA:485,43,0,0
BRDA:485,43,1,0
BRDA:488,44,0,0
BRDA:488,44,1,0
BRDA:489,45,0,0
BRDA:489,45,1,0
BRDA:493,46,0,0
BRDA:493,46,1,0
BRDA:497,47,0,0
BRDA:497,47,1,5
BRDA:506,48,0,0
BRDA:507,49,0,2
BRDA:511,50,0,1
BRDA:511,50,1,2
BRDA:512,51,0,0
BRDA:512,51,1,2
BRDA:512,52,0,2
BRDA:512,52,1,2
BRDA:513,53,0,0
BRDA:513,53,1,2
BRDA:513,54,0,2
BRDA:513,54,1,0
BRDA:515,55,0,0
BRDA:515,55,1,2
BRDA:515,56,0,2
BRDA:515,56,1,2
BRDA:516,57,0,0
BRDA:516,57,1,0
BRDA:517,58,0,0
BRDA:517,58,1,0
BRDA:518,59,0,0
BRDA:518,59,1,0
BRDA:519,60,0,0
BRDA:519,60,1,0
BRDA:523,61,0,0
BRDA:523,61,1,2
BRDA:532,62,0,0
BRDA:533,63,0,2
BRDA:537,64,0,1
BRDA:537,64,1,1
BRDA:537,65,0,2
BRDA:537,65,1,2
BRDA:539,66,0,0
BRDA:539,66,1,1
BRDA:539,67,0,1
BRDA:539,67,1,1
BRDA:540,68,0,0
BRDA:540,68,1,0
BRDA:543,69,0,0
BRDA:543,69,1,0
BRDA:544,70,0,0
BRDA:544,70,1,0
BRDA:548,71,0,0
BRDA:548,71,1,0
BRDA:548,72,0,0
BRDA:548,72,1,0
BRDA:552,73,0,0
BRDA:552,73,1,1
BRDA:561,74,0,0
BRDA:562,75,0,1
BRDA:566,76,0,0
BRDA:566,76,1,1
BRDA:566,77,0,1
BRDA:566,77,1,1
BRDA:568,78,0,0
BRDA:568,78,1,1
BRDA:568,79,0,1
BRDA:568,79,1,1
BRDA:569,80,0,0
BRDA:569,80,1,0
BRDA:572,81,0,0
BRDA:572,81,1,0
BRDA:573,82,0,0
BRDA:573,82,1,0
BRDA:577,83,0,0
BRDA:577,83,1,0
BRDA:581,84,0,0
BRDA:581,84,1,1
BRDA:600,85,0,2
BRDA:600,85,1,2
BRDA:605,86,0,5
BRDA:605,86,1,3
BRDA:611,87,0,0
BRDA:611,87,1,4
BRDA:646,88,0,24
BRDA:646,88,1,3
BRDA:655,89,0,24
BRDA:655,89,1,3
BRDA:659,90,0,5
BRDA:659,90,1,1
BRDA:659,91,0,1
BRDA:659,91,1,4
BRDA:674,92,0,0
BRDA:674,92,1,0
BRDA:675,93,0,0
BRDA:675,93,1,0
BRDA:679,94,0,0
BRDA:679,94,1,0
BRDA:686,95,0,0
BRDA:686,95,1,2
BRDA:687,96,0,0
BRDA:687,96,1,2
BRDA:710,97,0,0
BRDA:710,97,1,0
BRDA:716,98,0,0
BRDA:716,98,1,0
BRDA:721,99,0,0
BRDA:721,99,1,0
BRDA:725,100,0,0
BRDA:725,100,1,0
BRDA:727,101,0,0
BRDA:727,101,1,0
BRDA:731,102,0,0
BRDA:731,102,1,0
BRDA:733,103,0,0
BRDA:733,103,1,0
BRDA:760,104,0,0
BRDA:760,104,1,0
BRDA:765,105,0,0
BRDA:765,105,1,0
BRDA:769,106,0,0
BRDA:769,106,1,0
BRDA:786,107,0,0
BRDA:786,107,1,0
BRDA:788,108,0,0
BRDA:788,108,1,0
BRDA:810,109,0,0
BRDA:810,109,1,0
BRDA:816,110,0,0
BRDA:816,110,1,0
BRDA:820,111,0,0
BRDA:820,111,1,0
BRDA:844,112,0,0
BRDA:844,112,1,0
BRDA:850,113,0,0
BRDA:850,113,1,0
BRDA:856,114,0,0
BRDA:856,114,1,0
BRDA:860,115,0,0
BRDA:860,115,1,0
BRDA:868,116,0,0
BRDA:868,116,1,0
BRDA:870,117,0,0
BRDA:870,117,1,0
BRDA:917,118,0,0
BRDA:917,118,1,0
BRDA:918,119,0,0
BRDA:918,119,1,0
BRDA:921,120,0,0
BRDA:921,120,1,0
BRDA:924,121,0,0
BRDA:924,121,1,0
BRDA:945,122,0,0
BRDA:945,122,1,0
BRDA:946,123,0,0
BRDA:946,123,1,0
BRDA:951,124,0,0
BRDA:951,124,1,0
BRDA:952,125,0,0
BRDA:952,125,1,0
BRDA:955,126,0,0
BRDA:955,126,1,0
BRDA:981,127,0,0
BRDA:981,127,1,0
BRDA:983,128,0,0
BRDA:983,128,1,0
BRDA:987,129,0,0
BRDA:987,129,1,0
BRDA:990,130,0,0
BRDA:990,130,1,0
BRDA:993,131,0,0
BRDA:993,131,1,0
BRDA:1029,132,0,0
BRDA:1029,132,1,0
BRDA:1033,133,0,0
BRDA:1033,133,1,0
BRDA:1033,134,0,0
BRDA:1033,134,1,0
BRDA:1035,135,0,0
BRDA:1035,135,1,0
BRDA:1035,136,0,0
BRDA:1035,136,1,0
BRDA:1042,137,0,0
BRDA:1042,137,1,0
BRDA:1072,138,0,0
BRDA:1072,138,1,0
BRDA:1082,139,0,0
BRDA:1083,140,0,0
BRDA:1083,140,1,0
BRDA:1083,140,2,0
BRDA:1083,140,3,0
BRDA:1083,140,4,0
BRDA:1083,140,5,0
BRDA:1102,141,0,0
BRDA:1102,142,0,0
BRDA:1103,143,0,0
BRDA:1103,143,1,0
BRDA:1105,144,0,0
BRDA:1105,144,1,0
BRDA:1105,144,2,0
BRDA:1105,144,3,0
BRDA:1157,145,0,0
BRDA:1157,145,1,199
BRDA:1165,146,0,0
BRDA:1165,146,1,35
BRDA:1165,147,0,35
BRDA:1165,147,1,0
BRDA:1173,148,0,0
BRDA:1173,148,1,8
BRDA:1173,149,0,8
BRDA:1173,149,1,6
BRDA:1173,149,2,5
BRDA:1185,150,0,0
BRDA:1195,151,0,4
BRDA:1195,151,1,0
BRDA:1201,152,0,153
BRDA:1201,152,1,153
BRDA:1201,152,2,153
BRDA:1214,153,0,0
BRDA:1214,153,1,153
BRDA:1221,154,0,4
BRDA:1221,154,1,0
BRF:315
BRH:125
end_of_record
TN:
SF:api.js
FN:18,(anonymous_0)
FN:51,(anonymous_1)
FN:53,(anonymous_2)
FN:62,(anonymous_3)
FN:77,(anonymous_4)
FN:100,(anonymous_5)
FN:102,(anonymous_6)
FN:115,(anonymous_7)
FN:145,(anonymous_8)
FN:160,(anonymous_9)
FN:182,(anonymous_10)
FN:197,(anonymous_11)
FN:212,(anonymous_12)
FN:234,(anonymous_13)
FN:256,(anonymous_14)
FN:278,(anonymous_15)
FN:300,(anonymous_16)
FN:335,(anonymous_17)
FN:372,(anonymous_18)
FN:387,(anonymous_19)
FN:408,(anonymous_20)
FN:417,(anonymous_21)
FN:433,(anonymous_22)
FN:456,(anonymous_23)
FN:471,(anonymous_24)
FN:481,(anonymous_25)
FN:492,(anonymous_26)
FN:507,(anonymous_27)
FN:520,(anonymous_28)
FN:533,(anonymous_29)
FN:552,(anonymous_30)
FN:553,(anonymous_31)
FN:555,(anonymous_32)
FN:564,(anonymous_33)
FN:578,(anonymous_34)
FN:580,(anonymous_35)
FN:581,(anonymous_36)
FNF:37
FNH:0
FNDA:0,(anonymous_0)
FNDA:0,(anonymous_1)
FNDA:0,(anonymous_2)
FNDA:0,(anonymous_3)
FNDA:0,(anonymous_4)
FNDA:0,(anonymous_5)
FNDA:0,(anonymous_6)
FNDA:0,(anonymous_7)
FNDA:0,(anonymous_8)
FNDA:0,(anonymous_9)
FNDA:0,(anonymous_10)
FNDA:0,(anonymous_11)
FNDA:0,(anonymous_12)
FNDA:0,(anonymous_13)
FNDA:0,(anonymous_14)
FNDA:0,(anonymous_15)
FNDA:0,(anonymous_16)
FNDA:0,(anonymous_17)
FNDA:0,(anonymous_18)
FNDA:0,(anonymous_19)
FNDA:0,(anonymous_20)
FNDA:0,(anonymous_21)
FNDA:0,(anonymous_22)
FNDA:0,(anonymous_23)
FNDA:0,(anonymous_24)
FNDA:0,(anonymous_25)
FNDA:0,(anonymous_26)
FNDA:0,(anonymous_27)
FNDA:0,(anonymous_28)
FNDA:0,(anonymous_29)
FNDA:0,(anonymous_30)
FNDA:0,(anonymous_31)
FNDA:0,(anonymous_32)
FNDA:0,(anonymous_33)
FNDA:0,(anonymous_34)
FNDA:0,(anonymous_35)
FNDA:0,(anonymous_36)
DA:7,0
DA:8,0
DA:9,0
DA:10,0
DA:11,0
DA:12,0
DA:13,0
DA:14,0
DA:15,0
DA:19,0
DA:20,0
DA:23,0
DA:28,0
DA:34,0
DA:35,0
DA:38,0
DA:41,0
DA:53,0
DA:54,0
DA:55,0
DA:56,0
DA:57,0
DA:59,0
DA:62,0
DA:63,0
DA:64,0
DA:67,0
DA:71,0
DA:72,0
DA:75,0
DA:78,0
DA:81,0
DA:84,0
DA:94,0
DA:102,0
DA:103,0
DA:105,0
DA:106,0
DA:115,0
DA:116,0
DA:122,0
DA:123,0
DA:124,0
DA:127,0
DA:129,0
DA:131,0
DA:136,0
DA:145,0
DA:146,0
DA:150,0
DA:152,0
DA:160,0
DA:161,0
DA:167,0
DA:168,0
DA:169,0
DA:172,0
DA:174,0
DA:182,0
DA:183,0
DA:187,0
DA:189,0
DA:197,0
DA:198,0
DA:202,0
DA:204,0
DA:212,0
DA:213,0
DA:218,0
DA:219,0
DA:220,0
DA:223,0
DA:225,0
DA:234,0
DA:235,0
DA:240,0
DA:241,0
DA:242,0
DA:245,0
DA:247,0
DA:256,0
DA:257,0
DA:262,0
DA:263,0
DA:264,0
DA:267,0
DA:269,0
DA:278,0
DA:279,0
DA:284,0
DA:285,0
DA:286,0
DA:289,0
DA:291,0
DA:300,0
DA:301,0
DA:307,0
DA:308,0
DA:309,0
DA:312,0
DA:314,0
DA:315,0
DA:317,0
DA:322,0
DA:329,0
DA:335,0
DA:336,0
DA:341,0
DA:343,0
DA:344,0
DA:347,0
DA:348,0
DA:350,0
DA:356,0
DA:362,0
DA:363,0
DA:364,0
DA:366,0
DA:372,0
DA:373,0
DA:377,0
DA:379,0
DA:387,0
DA:388,0
DA:393,0
DA:395,0
DA:399,0
DA:408,0
DA:409,0
DA:413,0
DA:418,0
DA:419,0
DA:420,0
DA:425,0
DA:433,0
DA:434,0
DA:439,0
DA:442,0
DA:444,0
DA:457,0
DA:468,0
DA:472,0
DA:478,0
DA:482,0
DA:489,0
DA:493,0
DA:501,0
DA:508,0
DA:509,0
DA:516,0
DA:517,0
DA:519,0
DA:521,0
DA:522,0
DA:526,0
DA:527,0
DA:528,0
DA:529,0
DA:530,0
DA:533,0
DA:534,0
DA:535,0
DA:536,0
DA:540,0
DA:553,0
DA:554,0
DA:555,0
DA:556,0
DA:561,0
DA:564,0
DA:565,0
DA:566,0
DA:569,0
DA:570,0
DA:579,0
DA:580,0
DA:581,0
DA:582,0
DA:583,0
DA:590,0
LF:180
LH:0
BRDA:25,0,0,0
BRDA:25,0,1,0
BRDA:123,1,0,0
BRDA:123,1,1,0
BRDA:168,2,0,0
BRDA:168,2,1,0
BRDA:219,3,0,0
BRDA:219,3,1,0
BRDA:241,4,0,0
BRDA:241,4,1,0
BRDA:263,5,0,0
BRDA:263,5,1,0
BRDA:285,6,0,0
BRDA:285,6,1,0
BRDA:308,7,0,0
BRDA:308,7,1,0
BRDA:341,8,0,0
BRDA:341,9,0,0
BRDA:343,10,0,0
BRDA:343,10,1,0
BRDA:439,11,0,0
BRDA:516,12,0,0
BRDA:516,12,1,0
BRDA:522,13,0,0
BRDA:522,13,1,0
BRDA:522,13,2,0
BRDA:535,14,0,0
BRDA:535,14,1,0
BRDA:542,15,0,0
BRDA:542,15,1,0
BRDA:579,16,0,0
BRDA:579,16,1,0
BRF:32
BRH:0
end_of_record
TN:
SF:server.js
FN:10,startAnalyticsService
FN:67,(anonymous_1)
FN:74,(anonymous_2)
FN:80,(anonymous_3)
FN:89,(anonymous_4)
FNF:5
FNH:0
FNDA:0,startAnalyticsService
FNDA:0,(anonymous_1)
FNDA:0,(anonymous_2)
FNDA:0,(anonymous_3)
FNDA:0,(anonymous_4)
DA:6,0
DA:7,0
DA:8,0
DA:11,0
DA:16,0
DA:19,0
DA:33,0
DA:34,0
DA:35,0
DA:37,0
DA:45,0
DA:67,0
DA:68,0
DA:69,0
DA:70,0
DA:74,0
DA:75,0
DA:76,0
DA:77,0
DA:80,0
DA:81,0
DA:82,0
DA:83,0
DA:88,0
DA:89,0
DA:90,0
DA:91,0
DA:95,0
LF:28
LH:0
BRDA:13,0,0,0
BRDA:13,0,1,0
BRDA:20,1,0,0
BRDA:20,1,1,0
BRDA:21,2,0,0
BRDA:21,2,1,0
BRDA:34,3,0,0
BRDA:34,3,1,0
BRDA:88,4,0,0
BRDA:88,4,1,0
BRF:10
BRH:0
end_of_record
TN:
SF:scripts\generate-coverage-report.js
FN:12,(anonymous_0)
FN:19,(anonymous_1)
FN:25,(anonymous_2)
FN:50,(anonymous_3)
FN:62,(anonymous_4)
FN:69,(anonymous_5)
FN:76,(anonymous_6)
FN:85,(anonymous_7)
FN:95,(anonymous_8)
FN:103,(anonymous_9)
FN:105,(anonymous_10)
FN:111,(anonymous_11)
FN:119,(anonymous_12)
FN:126,(anonymous_13)
FN:135,(anonymous_14)
FN:139,(anonymous_15)
FN:149,(anonymous_16)
FN:179,(anonymous_17)
FN:185,(anonymous_18)
FN:206,(anonymous_19)
FN:230,(anonymous_20)
FN:236,(anonymous_21)
FN:237,(anonymous_22)
FN:243,(anonymous_23)
FN:246,(anonymous_24)
FN:247,(anonymous_25)
FNF:26
FNH:0
FNDA:0,(anonymous_0)
FNDA:0,(anonymous_1)
FNDA:0,(anonymous_2)
FNDA:0,(anonymous_3)
FNDA:0,(anonymous_4)
FNDA:0,(anonymous_5)
FNDA:0,(anonymous_6)
FNDA:0,(anonymous_7)
FNDA:0,(anonymous_8)
FNDA:0,(anonymous_9)
FNDA:0,(anonymous_10)
FNDA:0,(anonymous_11)
FNDA:0,(anonymous_12)
FNDA:0,(anonymous_13)
FNDA:0,(anonymous_14)
FNDA:0,(anonymous_15)
FNDA:0,(anonymous_16)
FNDA:0,(anonymous_17)
FNDA:0,(anonymous_18)
FNDA:0,(anonymous_19)
FNDA:0,(anonymous_20)
FNDA:0,(anonymous_21)
FNDA:0,(anonymous_22)
FNDA:0,(anonymous_23)
FNDA:0,(anonymous_24)
FNDA:0,(anonymous_25)
DA:7,0
DA:8,0
DA:9,0
DA:13,0
DA:14,0
DA:16,0
DA:20,0
DA:21,0
DA:26,0
DA:27,0
DA:29,0
DA:30,0
DA:31,0
DA:34,0
DA:35,0
DA:37,0
DA:38,0
DA:39,0
DA:41,0
DA:42,0
DA:43,0
DA:46,0
DA:51,0
DA:62,0
DA:63,0
DA:64,0
DA:66,0
DA:69,0
DA:70,0
DA:71,0
DA:76,0
DA:77,0
DA:78,0
DA:82,0
DA:86,0
DA:94,0
DA:95,0
DA:96,0
DA:97,0
DA:102,0
DA:103,0
DA:104,0
DA:105,0
DA:110,0
DA:111,0
DA:112,0
DA:113,0
DA:118,0
DA:119,0
DA:120,0
DA:121,0
DA:126,0
DA:127,0
DA:128,0
DA:132,0
DA:136,0
DA:139,0
DA:145,0
DA:146,0
DA:150,0
DA:151,0
DA:153,0
DA:176,0
DA:180,0
DA:181,0
DA:182,0
DA:186,0
DA:207,0
DA:208,0
DA:209,0
DA:227,0
DA:231,0
DA:232,0
DA:233,0
DA:237,0
DA:238,0
DA:239,0
DA:244,0
DA:245,0
DA:246,0
DA:247,0
DA:249,0
DA:250,0
DA:253,0
DA:254,0
DA:257,0
DA:258,0
DA:261,0
DA:262,0
DA:265,0
DA:270,0
DA:271,0
DA:272,0
DA:275,0
LF:94
LH:0
BRDA:20,0,0,0
BRDA:20,0,1,0
BRDA:29,1,0,0
BRDA:29,1,1,0
BRDA:78,2,0,0
BRDA:78,2,1,0
BRDA:94,3,0,0
BRDA:94,3,1,0
BRDA:97,4,0,0
BRDA:97,4,1,0
BRDA:102,5,0,0
BRDA:102,5,1,0
BRDA:110,6,0,0
BRDA:110,6,1,0
BRDA:113,7,0,0
BRDA:113,7,1,0
BRDA:118,8,0,0
BRDA:118,8,1,0
BRDA:121,9,0,0
BRDA:121,9,1,0
BRDA:128,10,0,0
BRDA:128,10,1,0
BRDA:180,11,0,0
BRDA:180,11,1,0
BRDA:181,12,0,0
BRDA:181,12,1,0
BRDA:231,13,0,0
BRDA:231,13,1,0
BRDA:232,14,0,0
BRDA:232,14,1,0
BRDA:236,15,0,0
BRDA:239,16,0,0
BRDA:239,16,1,0
BRDA:249,17,0,0
BRDA:249,17,1,0
BRDA:253,18,0,0
BRDA:253,18,1,0
BRDA:257,19,0,0
BRDA:257,19,1,0
BRDA:261,20,0,0
BRDA:261,20,1,0
BRDA:270,21,0,0
BRDA:270,21,1,0
BRF:43
BRH:0
end_of_record
